\BOOKMARK [1][-]{section.1}{INTRODUCCI\323N}{}% 1
\BOOKMARK [1][-]{section.2}{PLANTEAMIENTO DEL PROBLEMA}{}% 2
\BOOKMARK [1][-]{section.3}{OBJETIVOS}{}% 3
\BOOKMARK [2][-]{subsection.3.1}{Objetivo general}{section.3}% 4
\BOOKMARK [2][-]{subsection.3.2}{Objetivos espec\355ficos}{section.3}% 5
\BOOKMARK [1][-]{section.4}{MARCO TE\323RICO}{}% 6
\BOOKMARK [2][-]{subsection.4.1}{Tomograf\355a de coherencia \363ptica}{section.4}% 7
\BOOKMARK [2][-]{subsection.4.2}{Aspectos experimentales}{section.4}% 8
\BOOKMARK [3][-]{subsubsection.4.2.1}{Estabilidad de fase}{subsection.4.2}% 9
\BOOKMARK [3][-]{subsubsection.4.2.2}{Fuentes de aberraciones \363pticas}{subsection.4.2}% 10
\BOOKMARK [2][-]{subsection.4.3}{Modelo general de la se\361al de OCT}{section.4}% 11
\BOOKMARK [2][-]{subsection.4.4}{T\351cnicas de correcci\363n computacional de aberraciones}{section.4}% 12
\BOOKMARK [1][-]{section.5}{METODOLOG\315A}{}% 13
\BOOKMARK [2][-]{subsection.5.1}{Revisi\363n bibliogr\341fica y estudio te\363rico}{section.5}% 14
\BOOKMARK [2][-]{subsection.5.2}{Desarrollo e implementaci\363n}{section.5}% 15
\BOOKMARK [2][-]{subsection.5.3}{Evaluaci\363n experimental}{section.5}% 16
\BOOKMARK [2][-]{subsection.5.4}{An\341lisis del m\351todo y del resultados}{section.5}% 17
\BOOKMARK [2][-]{subsection.5.5}{Publicaci\363n y documentaci\363n de resultados}{section.5}% 18
\BOOKMARK [1][-]{section.6}{CRONOGRAMA}{}% 19
\BOOKMARK [1][-]{section.6}{Referencias}{}% 20
