This is XeTeX, Version 3.14159265-2.6-0.999991 (MiKTeX 2.9.7050 64-bit) (preloaded format=xelatex 2019.6.12)  13 FEB 2020 15:43
entering extended mode
**./Presentacion_trabajo_de_grado.tex
(Presentacion_trabajo_de_grado.tex
LaTeX2e <2018-12-01>
(C:\Users\user\AppData\Roaming\MiKTeX\2.9\tex/latex/beamer\beamer.cls
Document Class: beamer 2018/12/02 v3.55 A class for typesetting presentations
(C:\Users\user\AppData\Roaming\MiKTeX\2.9\tex/latex/beamer\beamerbasemodes.sty
(C:\Users\user\AppData\Roaming\MiKTeX\2.9\tex/latex/etoolbox\etoolbox.sty
Package: etoolbox 2018/08/19 v2.5f e-TeX tools for LaTeX (JAW)
\etb@tempcnta=\count80
)
\beamer@tempbox=\box27
\beamer@tempcount=\count81
\c@beamerpauses=\count82

(C:\Users\user\AppData\Roaming\MiKTeX\2.9\tex/latex/beamer\beamerbasedecode.sty
\beamer@slideinframe=\count83
\beamer@minimum=\count84
)
\beamer@commentbox=\box28
\beamer@modecount=\count85
) (C:\Users\user\AppData\Roaming\MiKTeX\2.9\tex/generic/iftex\ifpdf.sty
Package: ifpdf 2019/10/25 v3.4 ifpdf legacy package. Use iftex instead.

(C:\Users\user\AppData\Roaming\MiKTeX\2.9\tex/generic/iftex\iftex.sty
Package: iftex 2019/11/07 v1.0c TeX engine tests
))
\headdp=\dimen102
\footheight=\dimen103
\sidebarheight=\dimen104
\beamer@tempdim=\dimen105
\beamer@finalheight=\dimen106
\beamer@animht=\dimen107
\beamer@animdp=\dimen108
\beamer@animwd=\dimen109
\beamer@leftmargin=\dimen110
\beamer@rightmargin=\dimen111
\beamer@leftsidebar=\dimen112
\beamer@rightsidebar=\dimen113
\beamer@boxsize=\dimen114
\beamer@vboxoffset=\dimen115
\beamer@descdefault=\dimen116
\beamer@descriptionwidth=\dimen117
\beamer@lastskip=\skip41
\beamer@areabox=\box29
\beamer@animcurrent=\box30
\beamer@animshowbox=\box31
\beamer@sectionbox=\box32
\beamer@logobox=\box33
\beamer@linebox=\box34
\beamer@sectioncount=\count86
\beamer@subsubsectionmax=\count87
\beamer@subsectionmax=\count88
\beamer@sectionmax=\count89
\beamer@totalheads=\count90
\beamer@headcounter=\count91
\beamer@partstartpage=\count92
\beamer@sectionstartpage=\count93
\beamer@subsectionstartpage=\count94
\beamer@animationtempa=\count95
\beamer@animationtempb=\count96
\beamer@xpos=\count97
\beamer@ypos=\count98
\beamer@ypos@offset=\count99
\beamer@showpartnumber=\count100
\beamer@currentsubsection=\count101
\beamer@coveringdepth=\count102
\beamer@sectionadjust=\count103
\beamer@tocsectionnumber=\count104

(C:\Users\user\AppData\Roaming\MiKTeX\2.9\tex/latex/beamer\beamerbaseoptions.st
y ("I:\Program Files\MiKTeX 2.9\tex/latex/graphics\keyval.sty"
Package: keyval 2014/10/28 v1.15 key=value parser (DPC)
\KV@toks@=\toks14
))
\beamer@paperwidth=\skip42
\beamer@paperheight=\skip43

("I:\Program Files\MiKTeX 2.9\tex/latex/geometry\geometry.sty"
Package: geometry 2018/04/16 v5.8 Page Geometry

(C:\Users\user\AppData\Roaming\MiKTeX\2.9\tex/generic/iftex\ifvtex.sty
Package: ifvtex 2019/10/25 v1.7 ifvtex legacy package. Use iftex instead.
)
(C:\Users\user\AppData\Roaming\MiKTeX\2.9\tex/generic/iftex\ifxetex.sty
Package: ifxetex 2019/10/25 v0.7 ifxetex legacy package. Use iftex instead.
)
\Gm@cnth=\count105
\Gm@cntv=\count106
\c@Gm@tempcnt=\count107
\Gm@bindingoffset=\dimen118
\Gm@wd@mp=\dimen119
\Gm@odd@mp=\dimen120
\Gm@even@mp=\dimen121
\Gm@layoutwidth=\dimen122
\Gm@layoutheight=\dimen123
\Gm@layouthoffset=\dimen124
\Gm@layoutvoffset=\dimen125
\Gm@dimlist=\toks15

("I:\Program Files\MiKTeX 2.9\tex/xelatex/xetexconfig\geometry.cfg"))
("I:\Program Files\MiKTeX 2.9\tex/latex/base\fleqn.clo"
File: fleqn.clo 2016/12/29 v1.2b Standard LaTeX option (flush left equations)
\mathindent=\dimen126
Applying: [2015/01/01] Make \[ robust on input line 50.
LaTeX Info: Redefining \[ on input line 51.
Already applied: [0000/00/00] Make \[ robust on input line 62.
Applying: [2015/01/01] Make \] robust on input line 74.
LaTeX Info: Redefining \] on input line 75.
Already applied: [0000/00/00] Make \] robust on input line 83.
)
("I:\Program Files\MiKTeX 2.9\tex/latex/base\size10.clo"
File: size10.clo 2018/09/03 v1.4i Standard LaTeX file (size option)
)
(C:\Users\user\AppData\Roaming\MiKTeX\2.9\tex/latex/pgf/basiclayer\pgfcore.sty
("I:\Program Files\MiKTeX 2.9\tex/latex/graphics\graphicx.sty"
Package: graphicx 2017/06/01 v1.1a Enhanced LaTeX Graphics (DPC,SPQR)

("I:\Program Files\MiKTeX 2.9\tex/latex/graphics\graphics.sty"
Package: graphics 2017/06/25 v1.2c Standard LaTeX Graphics (DPC,SPQR)

("I:\Program Files\MiKTeX 2.9\tex/latex/graphics\trig.sty"
Package: trig 2016/01/03 v1.10 sin cos tan (DPC)
)
("I:\Program Files\MiKTeX 2.9\tex/latex/graphics-cfg\graphics.cfg"
File: graphics.cfg 2016/06/04 v1.11 sample graphics configuration
)
Package graphics Info: Driver file: xetex.def on input line 99.

("I:\Program Files\MiKTeX 2.9\tex/latex/graphics-def\xetex.def"
File: xetex.def 2017/06/24 v5.0h Graphics/color driver for xetex
))
\Gin@req@height=\dimen127
\Gin@req@width=\dimen128
)
(C:\Users\user\AppData\Roaming\MiKTeX\2.9\tex/latex/pgf/systemlayer\pgfsys.sty
(C:\Users\user\AppData\Roaming\MiKTeX\2.9\tex/latex/pgf/utilities\pgfrcs.sty
(C:\Users\user\AppData\Roaming\MiKTeX\2.9\tex/generic/pgf/utilities\pgfutil-com
mon.tex
\pgfutil@everybye=\toks16
\pgfutil@tempdima=\dimen129
\pgfutil@tempdimb=\dimen130

(C:\Users\user\AppData\Roaming\MiKTeX\2.9\tex/generic/pgf/utilities\pgfutil-com
mon-lists.tex))
(C:\Users\user\AppData\Roaming\MiKTeX\2.9\tex/generic/pgf/utilities\pgfutil-lat
ex.def
\pgfutil@abb=\box35
 (C:\Users\user\AppData\Roaming\MiKTeX\2.9\tex/latex/ms\everyshi.sty
Package: everyshi 2001/05/15 v3.00 EveryShipout Package (MS)
))
(C:\Users\user\AppData\Roaming\MiKTeX\2.9\tex/generic/pgf/utilities\pgfrcs.code
.tex (C:\Users\user\AppData\Roaming\MiKTeX\2.9\tex/generic/pgf\pgf.revision.tex
)
Package: pgfrcs 2019/05/09 v3.1.3 (3.1.3)
))
(C:\Users\user\AppData\Roaming\MiKTeX\2.9\tex/generic/pgf/systemlayer\pgfsys.co
de.tex
Package: pgfsys 2019/05/09 v3.1.3 (3.1.3)

(C:\Users\user\AppData\Roaming\MiKTeX\2.9\tex/generic/pgf/utilities\pgfkeys.cod
e.tex
\pgfkeys@pathtoks=\toks17
\pgfkeys@temptoks=\toks18

(C:\Users\user\AppData\Roaming\MiKTeX\2.9\tex/generic/pgf/utilities\pgfkeysfilt
ered.code.tex
\pgfkeys@tmptoks=\toks19
))
\pgf@x=\dimen131
\pgf@y=\dimen132
\pgf@xa=\dimen133
\pgf@ya=\dimen134
\pgf@xb=\dimen135
\pgf@yb=\dimen136
\pgf@xc=\dimen137
\pgf@yc=\dimen138
\pgf@xd=\dimen139
\pgf@yd=\dimen140
\w@pgf@writea=\write3
\r@pgf@reada=\read1
\c@pgf@counta=\count108
\c@pgf@countb=\count109
\c@pgf@countc=\count110
\c@pgf@countd=\count111
\t@pgf@toka=\toks20
\t@pgf@tokb=\toks21
\t@pgf@tokc=\toks22
\pgf@sys@id@count=\count112

(C:\Users\user\AppData\Roaming\MiKTeX\2.9\tex/generic/pgf/systemlayer\pgf.cfg
File: pgf.cfg 2019/05/09 v3.1.3 (3.1.3)
)
Driver file for pgf: pgfsys-xetex.def

(C:\Users\user\AppData\Roaming\MiKTeX\2.9\tex/generic/pgf/systemlayer\pgfsys-xe
tex.def
File: pgfsys-xetex.def 2019/05/09 v3.1.3 (3.1.3)

(C:\Users\user\AppData\Roaming\MiKTeX\2.9\tex/generic/pgf/systemlayer\pgfsys-dv
ipdfmx.def
File: pgfsys-dvipdfmx.def 2019/05/09 v3.1.3 (3.1.3)

(C:\Users\user\AppData\Roaming\MiKTeX\2.9\tex/generic/pgf/systemlayer\pgfsys-co
mmon-pdf.def
File: pgfsys-common-pdf.def 2019/05/09 v3.1.3 (3.1.3)
)
\pgfsys@objnum=\count113
)))
(C:\Users\user\AppData\Roaming\MiKTeX\2.9\tex/generic/pgf/systemlayer\pgfsyssof
tpath.code.tex
File: pgfsyssoftpath.code.tex 2019/05/09 v3.1.3 (3.1.3)
\pgfsyssoftpath@smallbuffer@items=\count114
\pgfsyssoftpath@bigbuffer@items=\count115
)
(C:\Users\user\AppData\Roaming\MiKTeX\2.9\tex/generic/pgf/systemlayer\pgfsyspro
tocol.code.tex
File: pgfsysprotocol.code.tex 2019/05/09 v3.1.3 (3.1.3)
))
(C:\Users\user\AppData\Roaming\MiKTeX\2.9\tex/latex/xcolor\xcolor.sty
Package: xcolor 2016/05/11 v2.12 LaTeX color extensions (UK)

("I:\Program Files\MiKTeX 2.9\tex/latex/graphics-cfg\color.cfg"
File: color.cfg 2016/01/02 v1.6 sample color configuration
)
Package xcolor Info: Driver file: xetex.def on input line 225.
Package xcolor Info: Model `cmy' substituted by `cmy0' on input line 1348.
Package xcolor Info: Model `RGB' extended on input line 1364.
Package xcolor Info: Model `HTML' substituted by `rgb' on input line 1366.
Package xcolor Info: Model `Hsb' substituted by `hsb' on input line 1367.
Package xcolor Info: Model `tHsb' substituted by `hsb' on input line 1368.
Package xcolor Info: Model `HSB' substituted by `hsb' on input line 1369.
Package xcolor Info: Model `Gray' substituted by `gray' on input line 1370.
Package xcolor Info: Model `wave' substituted by `hsb' on input line 1371.

("I:\Program Files\MiKTeX 2.9\tex/latex/graphics\dvipsnam.def"
File: dvipsnam.def 2016/06/17 v3.0m Driver-dependent file (DPC,SPQR)
))
(C:\Users\user\AppData\Roaming\MiKTeX\2.9\tex/generic/pgf/basiclayer\pgfcore.co
de.tex
Package: pgfcore 2019/05/09 v3.1.3 (3.1.3)

(C:\Users\user\AppData\Roaming\MiKTeX\2.9\tex/generic/pgf/math\pgfmath.code.tex

(C:\Users\user\AppData\Roaming\MiKTeX\2.9\tex/generic/pgf/math\pgfmathcalc.code
.tex
(C:\Users\user\AppData\Roaming\MiKTeX\2.9\tex/generic/pgf/math\pgfmathutil.code
.tex)
(C:\Users\user\AppData\Roaming\MiKTeX\2.9\tex/generic/pgf/math\pgfmathparser.co
de.tex
\pgfmath@dimen=\dimen141
\pgfmath@count=\count116
\pgfmath@box=\box36
\pgfmath@toks=\toks23
\pgfmath@stack@operand=\toks24
\pgfmath@stack@operation=\toks25
)
(C:\Users\user\AppData\Roaming\MiKTeX\2.9\tex/generic/pgf/math\pgfmathfunctions
.code.tex
(C:\Users\user\AppData\Roaming\MiKTeX\2.9\tex/generic/pgf/math\pgfmathfunctions
.basic.code.tex)
(C:\Users\user\AppData\Roaming\MiKTeX\2.9\tex/generic/pgf/math\pgfmathfunctions
.trigonometric.code.tex)
(C:\Users\user\AppData\Roaming\MiKTeX\2.9\tex/generic/pgf/math\pgfmathfunctions
.random.code.tex)
(C:\Users\user\AppData\Roaming\MiKTeX\2.9\tex/generic/pgf/math\pgfmathfunctions
.comparison.code.tex)
(C:\Users\user\AppData\Roaming\MiKTeX\2.9\tex/generic/pgf/math\pgfmathfunctions
.base.code.tex)
(C:\Users\user\AppData\Roaming\MiKTeX\2.9\tex/generic/pgf/math\pgfmathfunctions
.round.code.tex)
(C:\Users\user\AppData\Roaming\MiKTeX\2.9\tex/generic/pgf/math\pgfmathfunctions
.misc.code.tex)
(C:\Users\user\AppData\Roaming\MiKTeX\2.9\tex/generic/pgf/math\pgfmathfunctions
.integerarithmetics.code.tex)))
(C:\Users\user\AppData\Roaming\MiKTeX\2.9\tex/generic/pgf/math\pgfmathfloat.cod
e.tex
\c@pgfmathroundto@lastzeros=\count117
))
(C:\Users\user\AppData\Roaming\MiKTeX\2.9\tex/generic/pgf/math\pgfint.code.tex)

(C:\Users\user\AppData\Roaming\MiKTeX\2.9\tex/generic/pgf/basiclayer\pgfcorepoi
nts.code.tex
File: pgfcorepoints.code.tex 2019/05/09 v3.1.3 (3.1.3)
\pgf@picminx=\dimen142
\pgf@picmaxx=\dimen143
\pgf@picminy=\dimen144
\pgf@picmaxy=\dimen145
\pgf@pathminx=\dimen146
\pgf@pathmaxx=\dimen147
\pgf@pathminy=\dimen148
\pgf@pathmaxy=\dimen149
\pgf@xx=\dimen150
\pgf@xy=\dimen151
\pgf@yx=\dimen152
\pgf@yy=\dimen153
\pgf@zx=\dimen154
\pgf@zy=\dimen155
)
(C:\Users\user\AppData\Roaming\MiKTeX\2.9\tex/generic/pgf/basiclayer\pgfcorepat
hconstruct.code.tex
File: pgfcorepathconstruct.code.tex 2019/05/09 v3.1.3 (3.1.3)
\pgf@path@lastx=\dimen156
\pgf@path@lasty=\dimen157
)
(C:\Users\user\AppData\Roaming\MiKTeX\2.9\tex/generic/pgf/basiclayer\pgfcorepat
husage.code.tex
File: pgfcorepathusage.code.tex 2019/05/09 v3.1.3 (3.1.3)
\pgf@shorten@end@additional=\dimen158
\pgf@shorten@start@additional=\dimen159
)
(C:\Users\user\AppData\Roaming\MiKTeX\2.9\tex/generic/pgf/basiclayer\pgfcoresco
pes.code.tex
File: pgfcorescopes.code.tex 2019/05/09 v3.1.3 (3.1.3)
\pgfpic=\box37
\pgf@hbox=\box38
\pgf@layerbox@main=\box39
\pgf@picture@serial@count=\count118
)
(C:\Users\user\AppData\Roaming\MiKTeX\2.9\tex/generic/pgf/basiclayer\pgfcoregra
phicstate.code.tex
File: pgfcoregraphicstate.code.tex 2019/05/09 v3.1.3 (3.1.3)
\pgflinewidth=\dimen160
)
(C:\Users\user\AppData\Roaming\MiKTeX\2.9\tex/generic/pgf/basiclayer\pgfcoretra
nsformations.code.tex
File: pgfcoretransformations.code.tex 2019/05/09 v3.1.3 (3.1.3)
\pgf@pt@x=\dimen161
\pgf@pt@y=\dimen162
\pgf@pt@temp=\dimen163
)
(C:\Users\user\AppData\Roaming\MiKTeX\2.9\tex/generic/pgf/basiclayer\pgfcorequi
ck.code.tex
File: pgfcorequick.code.tex 2019/05/09 v3.1.3 (3.1.3)
)
(C:\Users\user\AppData\Roaming\MiKTeX\2.9\tex/generic/pgf/basiclayer\pgfcoreobj
ects.code.tex
File: pgfcoreobjects.code.tex 2019/05/09 v3.1.3 (3.1.3)
)
(C:\Users\user\AppData\Roaming\MiKTeX\2.9\tex/generic/pgf/basiclayer\pgfcorepat
hprocessing.code.tex
File: pgfcorepathprocessing.code.tex 2019/05/09 v3.1.3 (3.1.3)
)
(C:\Users\user\AppData\Roaming\MiKTeX\2.9\tex/generic/pgf/basiclayer\pgfcorearr
ows.code.tex
File: pgfcorearrows.code.tex 2019/05/09 v3.1.3 (3.1.3)
\pgfarrowsep=\dimen164
)
(C:\Users\user\AppData\Roaming\MiKTeX\2.9\tex/generic/pgf/basiclayer\pgfcoresha
de.code.tex
File: pgfcoreshade.code.tex 2019/05/09 v3.1.3 (3.1.3)
\pgf@max=\dimen165
\pgf@sys@shading@range@num=\count119
\pgf@shadingcount=\count120
)
(C:\Users\user\AppData\Roaming\MiKTeX\2.9\tex/generic/pgf/basiclayer\pgfcoreima
ge.code.tex
File: pgfcoreimage.code.tex 2019/05/09 v3.1.3 (3.1.3)

(C:\Users\user\AppData\Roaming\MiKTeX\2.9\tex/generic/pgf/basiclayer\pgfcoreext
ernal.code.tex
File: pgfcoreexternal.code.tex 2019/05/09 v3.1.3 (3.1.3)
\pgfexternal@startupbox=\box40
))
(C:\Users\user\AppData\Roaming\MiKTeX\2.9\tex/generic/pgf/basiclayer\pgfcorelay
ers.code.tex
File: pgfcorelayers.code.tex 2019/05/09 v3.1.3 (3.1.3)
)
(C:\Users\user\AppData\Roaming\MiKTeX\2.9\tex/generic/pgf/basiclayer\pgfcoretra
nsparency.code.tex
File: pgfcoretransparency.code.tex 2019/05/09 v3.1.3 (3.1.3)
)
(C:\Users\user\AppData\Roaming\MiKTeX\2.9\tex/generic/pgf/basiclayer\pgfcorepat
terns.code.tex
File: pgfcorepatterns.code.tex 2019/05/09 v3.1.3 (3.1.3)
)
(C:\Users\user\AppData\Roaming\MiKTeX\2.9\tex/generic/pgf/basiclayer\pgfcorerdf
.code.tex
File: pgfcorerdf.code.tex 2019/05/09 v3.1.3 (3.1.3)
)))
(C:\Users\user\AppData\Roaming\MiKTeX\2.9\tex/latex/pgf/utilities\xxcolor.sty
Package: xxcolor 2003/10/24 ver 0.1
\XC@nummixins=\count121
\XC@countmixins=\count122
)
("I:\Program Files\MiKTeX 2.9\tex/generic/oberdiek\atbegshi.sty"
Package: atbegshi 2016/06/09 v1.18 At begin shipout hook (HO)

("I:\Program Files\MiKTeX 2.9\tex/generic/oberdiek\infwarerr.sty"
Package: infwarerr 2016/05/16 v1.4 Providing info/warning/error messages (HO)
)
("I:\Program Files\MiKTeX 2.9\tex/generic/oberdiek\ltxcmds.sty"
Package: ltxcmds 2016/05/16 v1.23 LaTeX kernel commands for general use (HO)
))
("I:\Program Files\MiKTeX 2.9\tex/latex/hyperref\hyperref.sty"
Package: hyperref 2018/11/30 v6.88e Hypertext links for LaTeX

(C:\Users\user\AppData\Roaming\MiKTeX\2.9\tex/latex/hobsub\hobsub-hyperref.sty
Package: hobsub-hyperref 2019-11-14
hobsub not currently supported, see hobsub.dtx to extract original code

(C:\Users\user\AppData\Roaming\MiKTeX\2.9\tex/latex/pdftexcmds\pdftexcmds.sty
Package: pdftexcmds 2019/11/24 v0.31 Utility functions of pdfTeX for LuaTeX (HO
)
Package pdftexcmds Info: \pdf@primitive is available.
Package pdftexcmds Info: \pdf@ifprimitive is available.
Package pdftexcmds Info: \pdfdraftmode not found.
)
("I:\Program Files\MiKTeX 2.9\tex/generic/oberdiek\kvsetkeys.sty"
Package: kvsetkeys 2016/05/16 v1.17 Key value parser (HO)

("I:\Program Files\MiKTeX 2.9\tex/generic/oberdiek\etexcmds.sty"
Package: etexcmds 2016/05/16 v1.6 Avoid name clashes with e-TeX commands (HO)

(C:\Users\user\AppData\Roaming\MiKTeX\2.9\tex/generic/iftex\ifluatex.sty
Package: ifluatex 2019/10/25 v1.5 ifluatex legacy package. Use iftex instead.
)))
("I:\Program Files\MiKTeX 2.9\tex/generic/oberdiek\kvdefinekeys.sty"
Package: kvdefinekeys 2016/05/16 v1.4 Define keys (HO)
)
("I:\Program Files\MiKTeX 2.9\tex/generic/oberdiek\pdfescape.sty"
Package: pdfescape 2016/05/16 v1.14 Implements pdfTeX's escape features (HO)
)
("I:\Program Files\MiKTeX 2.9\tex/latex/oberdiek\hycolor.sty"
Package: hycolor 2016/05/16 v1.8 Color options for hyperref/bookmark (HO)

("I:\Program Files\MiKTeX 2.9\tex/latex/oberdiek\xcolor-patch.sty"
Package: xcolor-patch 2016/05/16 xcolor patch

("I:\Program Files\MiKTeX 2.9\tex/latex/oberdiek\hopatch.sty"
Package: hopatch 2016/05/16 v1.3 Wrapper for package hooks (HO)
)))
("I:\Program Files\MiKTeX 2.9\tex/latex/oberdiek\letltxmacro.sty"
Package: letltxmacro 2016/05/16 v1.5 Let assignment for LaTeX macros (HO)
))
("I:\Program Files\MiKTeX 2.9\tex/latex/oberdiek\auxhook.sty"
Package: auxhook 2016/05/16 v1.4 Hooks for auxiliary files (HO)
)
("I:\Program Files\MiKTeX 2.9\tex/latex/oberdiek\kvoptions.sty"
Package: kvoptions 2016/05/16 v3.12 Key value format for package options (HO)
)
\@linkdim=\dimen166
\Hy@linkcounter=\count123
\Hy@pagecounter=\count124

("I:\Program Files\MiKTeX 2.9\tex/latex/hyperref\pd1enc.def"
File: pd1enc.def 2018/11/30 v6.88e Hyperref: PDFDocEncoding definition (HO)
)
("I:\Program Files\MiKTeX 2.9\tex/generic/oberdiek\intcalc.sty"
Package: intcalc 2016/05/16 v1.2 Expandable calculations with integers (HO)
)
\Hy@SavedSpaceFactor=\count125

("I:\Program Files\MiKTeX 2.9\tex/latex/00miktex\hyperref.cfg"
File: hyperref.cfg 2002/06/06 v1.2 hyperref configuration of TeXLive
)
Package hyperref Info: Option `bookmarks' set `true' on input line 4393.
Package hyperref Info: Option `bookmarksopen' set `true' on input line 4393.
Package hyperref Info: Option `implicit' set `false' on input line 4393.
Package hyperref Info: Hyper figures OFF on input line 4519.
Package hyperref Info: Link nesting OFF on input line 4524.
Package hyperref Info: Hyper index ON on input line 4527.
Package hyperref Info: Plain pages OFF on input line 4534.
Package hyperref Info: Backreferencing OFF on input line 4539.
Package hyperref Info: Implicit mode OFF; no redefinition of LaTeX internals.
Package hyperref Info: Bookmarks ON on input line 4772.
\c@Hy@tempcnt=\count126

(C:\Users\user\AppData\Roaming\MiKTeX\2.9\tex/latex/url\url.sty
\Urlmuskip=\muskip10
Package: url 2013/09/16  ver 3.4  Verb mode for urls, etc.
)
LaTeX Info: Redefining \url on input line 5125.
\XeTeXLinkMargin=\dimen167

("I:\Program Files\MiKTeX 2.9\tex/generic/oberdiek\bitset.sty"
Package: bitset 2016/05/16 v1.2 Handle bit-vector datatype (HO)

("I:\Program Files\MiKTeX 2.9\tex/generic/oberdiek\bigintcalc.sty"
Package: bigintcalc 2016/05/16 v1.4 Expandable calculations on big integers (HO
)
))
\Fld@menulength=\count127
\Field@Width=\dimen168
\Fld@charsize=\dimen169
Package hyperref Info: Hyper figures OFF on input line 6380.
Package hyperref Info: Link nesting OFF on input line 6385.
Package hyperref Info: Hyper index ON on input line 6388.
Package hyperref Info: backreferencing OFF on input line 6395.
Package hyperref Info: Link coloring OFF on input line 6400.
Package hyperref Info: Link coloring with OCG OFF on input line 6405.
Package hyperref Info: PDF/A mode OFF on input line 6410.
LaTeX Info: Redefining \ref on input line 6450.
LaTeX Info: Redefining \pageref on input line 6454.
\Hy@abspage=\count128


Package hyperref Message: Stopped early.

)
Package hyperref Info: Driver (autodetected): hxetex.
 ("I:\Program Files\MiKTeX 2.9\tex/latex/hyperref\hxetex.def"
File: hxetex.def 2018/11/30 v6.88e Hyperref driver for XeTeX

("I:\Program Files\MiKTeX 2.9\tex/latex/hyperref\puenc.def"
File: puenc.def 2018/11/30 v6.88e Hyperref: PDF Unicode definition (HO)
)
("I:\Program Files\MiKTeX 2.9\tex/generic/oberdiek\stringenc.sty"
Package: stringenc 2016/05/16 v1.11 Convert strings between diff. encodings (HO
)
)
\pdfm@box=\box41
\c@Hy@AnnotLevel=\count129
\HyField@AnnotCount=\count130
\Fld@listcount=\count131
\c@bookmark@seq@number=\count132

("I:\Program Files\MiKTeX 2.9\tex/latex/oberdiek\rerunfilecheck.sty"
Package: rerunfilecheck 2016/05/16 v1.8 Rerun checks for auxiliary files (HO)

("I:\Program Files\MiKTeX 2.9\tex/latex/oberdiek\atveryend.sty"
Package: atveryend 2016/05/16 v1.9 Hooks at the very end of document (HO)
)
("I:\Program Files\MiKTeX 2.9\tex/generic/oberdiek\uniquecounter.sty"
Package: uniquecounter 2016/05/16 v1.3 Provide unlimited unique counter (HO)
)
Package uniquecounter Info: New unique counter `rerunfilecheck' on input line 2
82.
))
("I:\Program Files\MiKTeX 2.9\tex/generic/oberdiek\se-ascii-print.def"
File: se-ascii-print.def 2016/05/16 v1.11 stringenc: Printable ASCII characters

)
(C:\Users\user\AppData\Roaming\MiKTeX\2.9\tex/latex/beamer\beamerbaserequires.s
ty
(C:\Users\user\AppData\Roaming\MiKTeX\2.9\tex/latex/beamer\beamerbasecompatibil
ity.sty)
(C:\Users\user\AppData\Roaming\MiKTeX\2.9\tex/latex/beamer\beamerbasefont.sty
("I:\Program Files\MiKTeX 2.9\tex/latex/amsfonts\amssymb.sty"
Package: amssymb 2013/01/14 v3.01 AMS font symbols

("I:\Program Files\MiKTeX 2.9\tex/latex/amsfonts\amsfonts.sty"
Package: amsfonts 2013/01/14 v3.01 Basic AMSFonts support
\@emptytoks=\toks26
\symAMSa=\mathgroup4
\symAMSb=\mathgroup5
LaTeX Font Info:    Overwriting math alphabet `\mathfrak' in version `bold'
(Font)                  U/euf/m/n --> U/euf/b/n on input line 106.
))
(C:\Users\user\AppData\Roaming\MiKTeX\2.9\tex/latex/sansmathaccent\sansmathacce
nt.sty
Package: sansmathaccent 2013/03/28

(C:\Users\user\AppData\Roaming\MiKTeX\2.9\tex/latex/filehook\filehook.sty
Package: filehook 2011/10/12 v0.5d Hooks for input files
)))
(C:\Users\user\AppData\Roaming\MiKTeX\2.9\tex/latex/beamer\beamerbasetranslator
.sty
(C:\Users\user\AppData\Roaming\MiKTeX\2.9\tex/latex/translator\translator.sty
Package: translator 2019-05-31 v1.12a Easy translation of strings in LaTeX
)) (C:\Users\user\AppData\Roaming\MiKTeX\2.9\tex/latex/beamer\beamerbasemisc.st
y)
(C:\Users\user\AppData\Roaming\MiKTeX\2.9\tex/latex/beamer\beamerbasetwoscreens
.sty)
(C:\Users\user\AppData\Roaming\MiKTeX\2.9\tex/latex/beamer\beamerbaseoverlay.st
y
\beamer@argscount=\count133
\beamer@lastskipcover=\skip44
\beamer@trivlistdepth=\count134
)
(C:\Users\user\AppData\Roaming\MiKTeX\2.9\tex/latex/beamer\beamerbasetitle.sty)

(C:\Users\user\AppData\Roaming\MiKTeX\2.9\tex/latex/beamer\beamerbasesection.st
y
\c@lecture=\count135
\c@part=\count136
\c@section=\count137
\c@subsection=\count138
\c@subsubsection=\count139
)
(C:\Users\user\AppData\Roaming\MiKTeX\2.9\tex/latex/beamer\beamerbaseframe.sty
\beamer@framebox=\box42
\beamer@frametitlebox=\box43
\beamer@zoombox=\box44
\beamer@zoomcount=\count140
\beamer@zoomframecount=\count141
\beamer@frametextheight=\dimen170
\c@subsectionslide=\count142
\beamer@frametopskip=\skip45
\beamer@framebottomskip=\skip46
\beamer@frametopskipautobreak=\skip47
\beamer@framebottomskipautobreak=\skip48
\beamer@envbody=\toks27
\framewidth=\dimen171
\c@framenumber=\count143
)
(C:\Users\user\AppData\Roaming\MiKTeX\2.9\tex/latex/beamer\beamerbaseverbatim.s
ty
\beamer@verbatimfileout=\write4
)
(C:\Users\user\AppData\Roaming\MiKTeX\2.9\tex/latex/beamer\beamerbaseframesize.
sty
\beamer@splitbox=\box45
\beamer@autobreakcount=\count144
\beamer@autobreaklastheight=\dimen172
\beamer@frametitletoks=\toks28
\beamer@framesubtitletoks=\toks29
)
(C:\Users\user\AppData\Roaming\MiKTeX\2.9\tex/latex/beamer\beamerbaseframecompo
nents.sty
\beamer@footins=\box46
)
(C:\Users\user\AppData\Roaming\MiKTeX\2.9\tex/latex/beamer\beamerbasecolor.sty)
(C:\Users\user\AppData\Roaming\MiKTeX\2.9\tex/latex/beamer\beamerbasenotes.sty
\beamer@frameboxcopy=\box47
) (C:\Users\user\AppData\Roaming\MiKTeX\2.9\tex/latex/beamer\beamerbasetoc.sty)

(C:\Users\user\AppData\Roaming\MiKTeX\2.9\tex/latex/beamer\beamerbasetemplates.
sty
\beamer@sbttoks=\toks30

(C:\Users\user\AppData\Roaming\MiKTeX\2.9\tex/latex/beamer\beamerbaseauxtemplat
es.sty
(C:\Users\user\AppData\Roaming\MiKTeX\2.9\tex/latex/beamer\beamerbaseboxes.sty
\bmb@box=\box48
\bmb@colorbox=\box49
\bmb@boxshadow=\box50
\bmb@boxshadowball=\box51
\bmb@boxshadowballlarge=\box52
\bmb@temp=\dimen173
\bmb@dima=\dimen174
\bmb@dimb=\dimen175
\bmb@prevheight=\dimen176
)
\beamer@blockheadheight=\dimen177
))
(C:\Users\user\AppData\Roaming\MiKTeX\2.9\tex/latex/beamer\beamerbaselocalstruc
ture.sty ("I:\Program Files\MiKTeX 2.9\tex/latex/tools\enumerate.sty"
Package: enumerate 2015/07/23 v3.00 enumerate extensions (DPC)
\@enLab=\toks31
)
\c@figure=\count145
\c@table=\count146
\abovecaptionskip=\skip49
\belowcaptionskip=\skip50
)
(C:\Users\user\AppData\Roaming\MiKTeX\2.9\tex/latex/beamer\beamerbasenavigation
.sty
\beamer@section@min@dim=\dimen178
)
(C:\Users\user\AppData\Roaming\MiKTeX\2.9\tex/latex/beamer\beamerbasetheorems.s
ty ("I:\Program Files\MiKTeX 2.9\tex/latex/amsmath\amsmath.sty"
Package: amsmath 2018/12/01 v2.17b AMS math features
\@mathmargin=\skip51

For additional information on amsmath, use the `?' option.
("I:\Program Files\MiKTeX 2.9\tex/latex/amsmath\amstext.sty"
Package: amstext 2000/06/29 v2.01 AMS text

("I:\Program Files\MiKTeX 2.9\tex/latex/amsmath\amsgen.sty"
File: amsgen.sty 1999/11/30 v2.0 generic functions
\@emptytoks=\toks32
\ex@=\dimen179
))
("I:\Program Files\MiKTeX 2.9\tex/latex/amsmath\amsbsy.sty"
Package: amsbsy 1999/11/29 v1.2d Bold Symbols
\pmbraise@=\dimen180
)
("I:\Program Files\MiKTeX 2.9\tex/latex/amsmath\amsopn.sty"
Package: amsopn 2016/03/08 v2.02 operator names
)
\inf@bad=\count147
LaTeX Info: Redefining \frac on input line 223.
\uproot@=\count148
\leftroot@=\count149
LaTeX Info: Redefining \overline on input line 385.
\classnum@=\count150
\DOTSCASE@=\count151
LaTeX Info: Redefining \ldots on input line 482.
LaTeX Info: Redefining \dots on input line 485.
LaTeX Info: Redefining \cdots on input line 606.
\Mathstrutbox@=\box53
\strutbox@=\box54
\big@size=\dimen181
LaTeX Font Info:    Redeclaring font encoding OML on input line 729.
LaTeX Font Info:    Redeclaring font encoding OMS on input line 730.
\macc@depth=\count152
\c@MaxMatrixCols=\count153
\dotsspace@=\muskip11
\c@parentequation=\count154
\dspbrk@lvl=\count155
\tag@help=\toks33
\row@=\count156
\column@=\count157
\maxfields@=\count158
\andhelp@=\toks34
\eqnshift@=\dimen182
\alignsep@=\dimen183
\tagshift@=\dimen184
\tagwidth@=\dimen185
\totwidth@=\dimen186
\lineht@=\dimen187
\@envbody=\toks35
\multlinegap=\skip52
\multlinetaggap=\skip53
\mathdisplay@stack=\toks36
LaTeX Info: Redefining \[ on input line 2844.
LaTeX Info: Redefining \] on input line 2845.
)
("I:\Program Files\MiKTeX 2.9\tex/latex/amscls\amsthm.sty"
Package: amsthm 2017/10/31 v2.20.4
\thm@style=\toks37
\thm@bodyfont=\toks38
\thm@headfont=\toks39
\thm@notefont=\toks40
\thm@headpunct=\toks41
\thm@preskip=\skip54
\thm@postskip=\skip55
\thm@headsep=\skip56
\dth@everypar=\toks42
)
\c@theorem=\count159
)
(C:\Users\user\AppData\Roaming\MiKTeX\2.9\tex/latex/beamer\beamerbasethemes.sty
))
(C:\Users\user\AppData\Roaming\MiKTeX\2.9\tex/latex/beamer\beamerthemedefault.s
ty
(C:\Users\user\AppData\Roaming\MiKTeX\2.9\tex/latex/beamer\beamerfontthemedefau
lt.sty)
(C:\Users\user\AppData\Roaming\MiKTeX\2.9\tex/latex/beamer\beamercolorthemedefa
ult.sty)
(C:\Users\user\AppData\Roaming\MiKTeX\2.9\tex/latex/beamer\beamerinnerthemedefa
ult.sty
\beamer@dima=\dimen188
\beamer@dimb=\dimen189
)
(C:\Users\user\AppData\Roaming\MiKTeX\2.9\tex/latex/beamer\beamerouterthemedefa
ult.sty))) (beamerthemeAAUsidebar.sty
Package: beamerthemeAAUsidebar 2014/09/13 v1.4.0 The AAU Sidebar Beamer Theme

(C:\Users\user\AppData\Roaming\MiKTeX\2.9\tex/latex/pgf/frontendlayer\tikz.sty
(C:\Users\user\AppData\Roaming\MiKTeX\2.9\tex/latex/pgf/basiclayer\pgf.sty
Package: pgf 2019/05/09 v3.1.3 (3.1.3)

(C:\Users\user\AppData\Roaming\MiKTeX\2.9\tex/generic/pgf/modules\pgfmoduleshap
es.code.tex
File: pgfmoduleshapes.code.tex 2019/05/09 v3.1.3 (3.1.3)
\pgfnodeparttextbox=\box55
)
(C:\Users\user\AppData\Roaming\MiKTeX\2.9\tex/generic/pgf/modules\pgfmoduleplot
.code.tex
File: pgfmoduleplot.code.tex 2019/05/09 v3.1.3 (3.1.3)
)
(C:\Users\user\AppData\Roaming\MiKTeX\2.9\tex/latex/pgf/compatibility\pgfcomp-v
ersion-0-65.sty
Package: pgfcomp-version-0-65 2019/05/09 v3.1.3 (3.1.3)
\pgf@nodesepstart=\dimen190
\pgf@nodesepend=\dimen191
)
(C:\Users\user\AppData\Roaming\MiKTeX\2.9\tex/latex/pgf/compatibility\pgfcomp-v
ersion-1-18.sty
Package: pgfcomp-version-1-18 2019/05/09 v3.1.3 (3.1.3)
))
(C:\Users\user\AppData\Roaming\MiKTeX\2.9\tex/latex/pgf/utilities\pgffor.sty
(C:\Users\user\AppData\Roaming\MiKTeX\2.9\tex/latex/pgf/utilities\pgfkeys.sty
(C:\Users\user\AppData\Roaming\MiKTeX\2.9\tex/generic/pgf/utilities\pgfkeys.cod
e.tex))
(C:\Users\user\AppData\Roaming\MiKTeX\2.9\tex/latex/pgf/math\pgfmath.sty
(C:\Users\user\AppData\Roaming\MiKTeX\2.9\tex/generic/pgf/math\pgfmath.code.tex
))
(C:\Users\user\AppData\Roaming\MiKTeX\2.9\tex/generic/pgf/utilities\pgffor.code
.tex
Package: pgffor 2019/05/09 v3.1.3 (3.1.3)

(C:\Users\user\AppData\Roaming\MiKTeX\2.9\tex/generic/pgf/math\pgfmath.code.tex
)
\pgffor@iter=\dimen192
\pgffor@skip=\dimen193
\pgffor@stack=\toks43
\pgffor@toks=\toks44
))
(C:\Users\user\AppData\Roaming\MiKTeX\2.9\tex/generic/pgf/frontendlayer/tikz\ti
kz.code.tex
Package: tikz 2019/05/09 v3.1.3 (3.1.3)

(C:\Users\user\AppData\Roaming\MiKTeX\2.9\tex/generic/pgf/libraries\pgflibraryp
lothandlers.code.tex
File: pgflibraryplothandlers.code.tex 2019/05/09 v3.1.3 (3.1.3)
\pgf@plot@mark@count=\count160
\pgfplotmarksize=\dimen194
)
\tikz@lastx=\dimen195
\tikz@lasty=\dimen196
\tikz@lastxsaved=\dimen197
\tikz@lastysaved=\dimen198
\tikzleveldistance=\dimen199
\tikzsiblingdistance=\dimen256
\tikz@figbox=\box56
\tikz@figbox@bg=\box57
\tikz@tempbox=\box58
\tikz@tempbox@bg=\box59
\tikztreelevel=\count161
\tikznumberofchildren=\count162
\tikznumberofcurrentchild=\count163
\tikz@fig@count=\count164

(C:\Users\user\AppData\Roaming\MiKTeX\2.9\tex/generic/pgf/modules\pgfmodulematr
ix.code.tex
File: pgfmodulematrix.code.tex 2019/05/09 v3.1.3 (3.1.3)
\pgfmatrixcurrentrow=\count165
\pgfmatrixcurrentcolumn=\count166
\pgf@matrix@numberofcolumns=\count167
)
\tikz@expandcount=\count168

(C:\Users\user\AppData\Roaming\MiKTeX\2.9\tex/generic/pgf/frontendlayer/tikz/li
braries\tikzlibrarytopaths.code.tex
File: tikzlibrarytopaths.code.tex 2019/05/09 v3.1.3 (3.1.3)
)))
(C:\Users\user\AppData\Roaming\MiKTeX\2.9\tex/latex/pgf/frontendlayer/libraries
\tikzlibraryexternal.code.tex
(C:\Users\user\AppData\Roaming\MiKTeX\2.9\tex/generic/pgf/frontendlayer/tikz/li
braries\tikzexternalshared.code.tex))
("I:\Program Files\MiKTeX 2.9\tex/latex/tools\calc.sty"
Package: calc 2017/05/25 v4.3 Infix arithmetic (KKT,FJ)
\calc@Acount=\count169
\calc@Bcount=\count170
\calc@Adimen=\dimen257
\calc@Bdimen=\dimen258
\calc@Askip=\skip57
\calc@Bskip=\skip58
LaTeX Info: Redefining \setlength on input line 80.
LaTeX Info: Redefining \addtolength on input line 81.
\calc@Ccount=\count171
\calc@Cskip=\skip59
)
(beamerinnerthemeAAUsidebar.sty
Package: beamerinnerthemeAAUsidebar 2014/09/13 v1.4.0 The AAU Sidebar Beamer Th
eme
\beamer@plainpagewidth=\skip60
) (beamerouterthemeAAUsidebar.sty
Package: beamerouterthemeAAUsidebar 2014/09/13 v1.4.0 The AAU Sidebar Beamer Th
eme
\beamer@width=\skip61
\beamer@height=\skip62
\beamer@barwidth=\skip63
)
(beamercolorthemeAAUsidebar.sty
Package: beamercolorthemeAAUsidebar 2014/09/13 v1.4.0 The AAU Sidebar Beamer Th
eme
))
\overwritelength=\skip64
\minimumoverwritelength=\skip65

(C:\Users\user\AppData\Roaming\MiKTeX\2.9\tex/latex/beamer\multimedia.sty
Package: multimedia 2012/05/02 ver 0.02
\mm@movie=\count172
)
("I:\Program Files\MiKTeX 2.9\tex/latex/base\fontenc.sty"
Package: fontenc 2018/08/11 v2.0j Standard LaTeX package

("I:\Program Files\MiKTeX 2.9\tex/latex/base\t1enc.def"
File: t1enc.def 2018/08/11 v2.0j Standard LaTeX file
LaTeX Font Info:    Redeclaring font encoding T1 on input line 48.
)
LaTeX Font Info:    Try loading font information for T1+lmss on input line 105.


("I:\Program Files\MiKTeX 2.9\tex/latex/lm\t1lmss.fd"
File: t1lmss.fd 2009/10/30 v1.6 Font defs for Latin Modern
))
("I:\Program Files\MiKTeX 2.9\tex/generic/babel\babel.sty"
Package: babel 2019/06/03 3.32 The Babel package

("I:\Program Files\MiKTeX 2.9\tex/generic/babel\switch.def"
File: switch.def 2019/06/03 3.32 Babel switching mechanism
)
*************************************
* Local config file bblopts.cfg used
*
(C:\Users\user\AppData\Roaming\MiKTeX\2.9\tex/latex/arabi\bblopts.cfg
File: bblopts.cfg 2005/09/08 v0.1 add Arabic and Farsi to "declared" options of
 babel
)
("I:\Program Files\MiKTeX 2.9\tex/latex/babel-spanish\spanish.ldf"
Language: spanish.ldf 2016/03/03 v5.0p Spanish support from the babel system

("I:\Program Files\MiKTeX 2.9\tex/generic/babel\babel.def"
File: babel.def 2019/06/03 3.32 Babel common definitions
\babel@savecnt=\count173
\U@D=\dimen259

("I:\Program Files\MiKTeX 2.9\tex/generic/babel\xebabel.def"
("I:\Program Files\MiKTeX 2.9\tex/generic/babel\txtbabel.def"))
LaTeX Info: Redefining \textlatin on input line 2103.
\bbl@dirlevel=\count174
)
\es@quottoks=\toks45
\es@quotdepth=\count175
Package babel Info: Making " an active character on input line 561.
Package babel Info: Making . an active character on input line 662.
Package babel Info: Making < an active character on input line 707.
Package babel Info: Making > an active character on input line 707.
))
(C:\Users\user\AppData\Roaming\MiKTeX\2.9\tex/latex/enumitem\enumitem.sty
Package: enumitem 2019/06/20 v3.9 Customized lists
\labelindent=\skip66
\enit@outerparindent=\dimen260
\enit@toks=\toks46
\enit@inbox=\box60
\enit@count@id=\count176
\enitdp@description=\count177
)
("I:\Program Files\MiKTeX 2.9\tex/latex/tools\multicol.sty"
Package: multicol 2018/12/27 v1.8v multicolumn formatting (FMi)
\c@tracingmulticols=\count178
\mult@box=\box61
\multicol@leftmargin=\dimen261
\c@unbalance=\count179
\c@collectmore=\count180
\doublecol@number=\count181
\multicoltolerance=\count182
\multicolpretolerance=\count183
\full@width=\dimen262
\page@free=\dimen263
\premulticols=\dimen264
\postmulticols=\dimen265
\multicolsep=\skip67
\multicolbaselineskip=\skip68
\partial@page=\box62
\last@line=\box63
\maxbalancingoverflow=\dimen266
\mult@rightbox=\box64
\mult@grightbox=\box65
\mult@gfirstbox=\box66
\mult@firstbox=\box67
\@tempa=\box68
\@tempa=\box69
\@tempa=\box70
\@tempa=\box71
\@tempa=\box72
\@tempa=\box73
\@tempa=\box74
\@tempa=\box75
\@tempa=\box76
\@tempa=\box77
\@tempa=\box78
\@tempa=\box79
\@tempa=\box80
\@tempa=\box81
\@tempa=\box82
\@tempa=\box83
\@tempa=\box84
\c@columnbadness=\count184
\c@finalcolumnbadness=\count185
\last@try=\dimen267
\multicolovershoot=\dimen268
\multicolundershoot=\dimen269
\mult@nat@firstbox=\box85
\colbreak@box=\box86
\mc@col@check@num=\count186
)
(C:\Users\user\AppData\Roaming\MiKTeX\2.9\tex/latex/wasysym\wasysym.sty
Package: wasysym 2020/01/19 v2.4 Wasy-2 symbol support package
\symwasy=\mathgroup6
LaTeX Font Info:    Overwriting symbol font `wasy' in version `bold'
(Font)                  U/wasy/m/n --> U/wasy/b/n on input line 93.
)
("I:\Program Files\MiKTeX 2.9\tex/latex/fontspec\fontspec.sty"
(C:\Users\user\AppData\Roaming\MiKTeX\2.9\tex/latex/l3packages/xparse\xparse.st
y (C:\Users\user\AppData\Roaming\MiKTeX\2.9\tex/latex/l3kernel\expl3.sty
Package: expl3 2020-02-08 L3 programming layer (loader) 

(C:\Users\user\AppData\Roaming\MiKTeX\2.9\tex/latex/l3kernel\expl3-code.tex
Package: expl3 2020-02-08 L3 programming layer (code)
\c_max_int=\count187
\l_tmpa_int=\count188
\l_tmpb_int=\count189
\g_tmpa_int=\count190
\g_tmpb_int=\count191
\l__seq_internal_a_int=\count192
\l__seq_internal_b_int=\count193
\g__kernel_prg_map_int=\count194
\c__ior_term_noprompt_ior=\count195
\c_log_iow=\count196
\l_iow_line_count_int=\count197
\l__iow_line_target_int=\count198
\l__iow_one_indent_int=\count199
\l__iow_indent_int=\count266
\c_zero_dim=\dimen270
\c_max_dim=\dimen271
\l_tmpa_dim=\dimen272
\l_tmpb_dim=\dimen273
\g_tmpa_dim=\dimen274
\g_tmpb_dim=\dimen275
\c_zero_skip=\skip69
\c_max_skip=\skip70
\l_tmpa_skip=\skip71
\l_tmpb_skip=\skip72
\g_tmpa_skip=\skip73
\g_tmpb_skip=\skip74
\c_zero_muskip=\muskip12
\c_max_muskip=\muskip13
\l_tmpa_muskip=\muskip14
\l_tmpb_muskip=\muskip15
\g_tmpa_muskip=\muskip16
\g_tmpb_muskip=\muskip17
\l_keys_choice_int=\count267
\l__intarray_loop_int=\count268
\c__intarray_sp_dim=\dimen276
\g__intarray_font_int=\count269
\c__fp_leading_shift_int=\count270
\c__fp_middle_shift_int=\count271
\c__fp_trailing_shift_int=\count272
\c__fp_big_leading_shift_int=\count273
\c__fp_big_middle_shift_int=\count274
\c__fp_big_trailing_shift_int=\count275
\c__fp_Bigg_leading_shift_int=\count276
\c__fp_Bigg_middle_shift_int=\count277
\c__fp_Bigg_trailing_shift_int=\count278
\g__fp_array_int=\count279
\l__fp_array_loop_int=\count280
\l__sort_length_int=\count281
\l__sort_min_int=\count282
\l__sort_top_int=\count283
\l__sort_max_int=\count284
\l__sort_true_max_int=\count285
\l__sort_block_int=\count286
\l__sort_begin_int=\count287
\l__sort_end_int=\count288
\l__sort_A_int=\count289
\l__sort_B_int=\count290
\l__sort_C_int=\count291
\l__str_internal_int=\count292
\l__tl_analysis_normal_int=\count293
\l__tl_analysis_index_int=\count294
\l__tl_analysis_nesting_int=\count295
\l__tl_analysis_type_int=\count296
\l__regex_internal_a_int=\count297
\l__regex_internal_b_int=\count298
\l__regex_internal_c_int=\count299
\l__regex_balance_int=\count300
\l__regex_group_level_int=\count301
\l__regex_mode_int=\count302
\c__regex_cs_in_class_mode_int=\count303
\c__regex_cs_mode_int=\count304
\l__regex_catcodes_int=\count305
\l__regex_default_catcodes_int=\count306
\c__regex_catcode_L_int=\count307
\c__regex_catcode_O_int=\count308
\c__regex_catcode_A_int=\count309
\c__regex_all_catcodes_int=\count310
\l__regex_show_lines_int=\count311
\l__regex_min_state_int=\count312
\l__regex_max_state_int=\count313
\l__regex_left_state_int=\count314
\l__regex_right_state_int=\count315
\l__regex_capturing_group_int=\count316
\l__regex_min_pos_int=\count317
\l__regex_max_pos_int=\count318
\l__regex_curr_pos_int=\count319
\l__regex_start_pos_int=\count320
\l__regex_success_pos_int=\count321
\l__regex_curr_char_int=\count322
\l__regex_curr_catcode_int=\count323
\l__regex_last_char_int=\count324
\l__regex_case_changed_char_int=\count325
\l__regex_curr_state_int=\count326
\l__regex_step_int=\count327
\l__regex_min_active_int=\count328
\l__regex_max_active_int=\count329
\l__regex_replacement_csnames_int=\count330
\l__regex_match_count_int=\count331
\l__regex_min_submatch_int=\count332
\l__regex_submatch_int=\count333
\l__regex_zeroth_submatch_int=\count334
\g__regex_trace_regex_int=\count335
\c_empty_box=\box87
\l_tmpa_box=\box88
\l_tmpb_box=\box89
\g_tmpa_box=\box90
\g_tmpb_box=\box91
\l__box_top_dim=\dimen277
\l__box_bottom_dim=\dimen278
\l__box_left_dim=\dimen279
\l__box_right_dim=\dimen280
\l__box_top_new_dim=\dimen281
\l__box_bottom_new_dim=\dimen282
\l__box_left_new_dim=\dimen283
\l__box_right_new_dim=\dimen284
\l__box_internal_box=\box92
\l__coffin_internal_box=\box93
\l__coffin_internal_dim=\dimen285
\l__coffin_offset_x_dim=\dimen286
\l__coffin_offset_y_dim=\dimen287
\l__coffin_x_dim=\dimen288
\l__coffin_y_dim=\dimen289
\l__coffin_x_prime_dim=\dimen290
\l__coffin_y_prime_dim=\dimen291
\c_empty_coffin=\box94
\l__coffin_aligned_coffin=\box95
\l__coffin_aligned_internal_coffin=\box96
\l_tmpa_coffin=\box97
\l_tmpb_coffin=\box98
\g_tmpa_coffin=\box99
\g_tmpb_coffin=\box100
\l__coffin_bounding_shift_dim=\dimen292
\l__coffin_left_corner_dim=\dimen293
\l__coffin_right_corner_dim=\dimen294
\l__coffin_bottom_corner_dim=\dimen295
\l__coffin_top_corner_dim=\dimen296
\l__coffin_scaled_total_height_dim=\dimen297
\l__coffin_scaled_width_dim=\dimen298
\c__coffin_empty_coffin=\box101
\l__coffin_display_coffin=\box102
\l__coffin_display_coord_coffin=\box103
\l__coffin_display_pole_coffin=\box104
\l__coffin_display_offset_dim=\dimen299
\l__coffin_display_x_dim=\dimen300
\l__coffin_display_y_dim=\dimen301
\g__char_data_ior=\read2

(C:\Users\user\AppData\Roaming\MiKTeX\2.9\tex/latex/l3kernel\l3deprecation.def
File: l3deprecation.def 2019-04-06 v L3 Deprecated functions
))
(C:\Users\user\AppData\Roaming\MiKTeX\2.9\tex/latex/l3backend\l3backend-xdvipdf
mx.def
File: l3backend-xdvipdfmx.def 2020-02-03 L3 backend support: xdvipdfmx
\g__graphics_track_int=\count336
\l__pdf_internal_box=\box105
\g__pdf_backend_object_int=\count337
\g__pdf_backend_annotation_int=\count338
))
Package: xparse 2020-02-08 L3 Experimental document command parser
\l__xparse_current_arg_int=\count339
\g__xparse_grabber_int=\count340
\l__xparse_m_args_int=\count341
\l__xparse_v_nesting_int=\count342
)
Package: fontspec 2019/03/15 v2.7c Font selection for XeLaTeX and LuaLaTeX
 ("I:\Program Files\MiKTeX 2.9\tex/latex/fontspec\fontspec-xetex.sty"
Package: fontspec-xetex 2019/03/15 v2.7c Font selection for XeLaTeX and LuaLaTe
X
\l__fontspec_script_int=\count343
\l__fontspec_language_int=\count344
\l__fontspec_strnum_int=\count345
\l__fontspec_tmp_int=\count346
\l__fontspec_tmpa_int=\count347
\l__fontspec_tmpb_int=\count348
\l__fontspec_tmpc_int=\count349
\l__fontspec_em_int=\count350
\l__fontspec_emdef_int=\count351
\l__fontspec_strong_int=\count352
\l__fontspec_strongdef_int=\count353
\l__fontspec_tmpa_dim=\dimen302
\l__fontspec_tmpb_dim=\dimen303
\l__fontspec_tmpc_dim=\dimen304

("I:\Program Files\MiKTeX 2.9\tex/latex/base\fontenc.sty"
Package: fontenc 2018/08/11 v2.0j Standard LaTeX package

("I:\Program Files\MiKTeX 2.9\tex/latex/base\tuenc.def"
File: tuenc.def 2018/08/11 v2.0j Standard LaTeX file
LaTeX Font Info:    Redeclaring font encoding TU on input line 82.
))
("I:\Program Files\MiKTeX 2.9\tex/latex/fontspec\fontspec.cfg")
LaTeX Info: Redefining \itshape on input line 4051.
LaTeX Info: Redefining \slshape on input line 4056.
LaTeX Info: Redefining \scshape on input line 4061.
LaTeX Info: Redefining \upshape on input line 4066.
LaTeX Info: Redefining \em on input line 4096.
LaTeX Info: Redefining \emph on input line 4121.
LaTeX Font Info:    Font shape `TU/lmss/m/it' in size <10> not available
(Font)              Font shape `TU/lmss/m/sl' tried instead on input line 4171.

))
(C:\Users\user\AppData\Roaming\MiKTeX\2.9\tex/latex/ms\ragged2e.sty
Package: ragged2e 2009/05/21 v2.1 ragged2e Package (MS)

(C:\Users\user\AppData\Roaming\MiKTeX\2.9\tex/latex/ms\everysel.sty
Package: everysel 2011/10/28 v1.2 EverySelectfont Package (MS)
)
\CenteringLeftskip=\skip75
\RaggedLeftLeftskip=\skip76
\RaggedRightLeftskip=\skip77
\CenteringRightskip=\skip78
\RaggedLeftRightskip=\skip79
\RaggedRightRightskip=\skip80
\CenteringParfillskip=\skip81
\RaggedLeftParfillskip=\skip82
\RaggedRightParfillskip=\skip83
\JustifyingParfillskip=\skip84
\CenteringParindent=\skip85
\RaggedLeftParindent=\skip86
\RaggedRightParindent=\skip87
\JustifyingParindent=\skip88
)
(C:\Users\user\AppData\Roaming\MiKTeX\2.9\tex/latex/hf-tikz\hf-tikz.sty
Package: hf-tikz 2014/07/25 v0.3a A simple way to highlight formulas and formul
a parts.

(C:\Users\user\AppData\Roaming\MiKTeX\2.9\tex/generic/pgf/frontendlayer/tikz/li
braries\tikzlibraryshadings.code.tex
File: tikzlibraryshadings.code.tex 2019/05/09 v3.1.3 (3.1.3)

(C:\Users\user\AppData\Roaming\MiKTeX\2.9\tex/generic/pgf/libraries\pgflibrarys
hadings.code.tex
File: pgflibraryshadings.code.tex 2019/05/09 v3.1.3 (3.1.3)
)))
(C:\Users\user\AppData\Roaming\MiKTeX\2.9\tex/latex/tcolorbox\tcolorbox.sty
Package: tcolorbox 2019/11/15 version 4.22 text color boxes

("I:\Program Files\MiKTeX 2.9\tex/latex/tools\verbatim.sty"
Package: verbatim 2014/10/28 v1.5q LaTeX2e package for verbatim enhancements
\every@verbatim=\toks47
\verbatim@line=\toks48
\verbatim@in@stream=\read3
)
(C:\Users\user\AppData\Roaming\MiKTeX\2.9\tex/latex/environ\environ.sty
Package: environ 2014/05/04 v0.3 A new way to define environments

(C:\Users\user\AppData\Roaming\MiKTeX\2.9\tex/latex/trimspaces\trimspaces.sty
Package: trimspaces 2009/09/17 v1.1 Trim spaces around a token list
))
\tcb@titlebox=\box106
\tcb@upperbox=\box107
\tcb@lowerbox=\box108
\tcb@phantombox=\box109
\c@tcbbreakpart=\count354
\c@tcblayer=\count355
\tcolorbox@number=\count356
\tcb@temp=\box110
\tcb@temp=\box111
\tcb@temp=\box112
\tcb@temp=\box113
\tcb@out=\write5
\tcb@record@out=\write6

(C:\Users\user\AppData\Roaming\MiKTeX\2.9\tex/latex/tcolorbox\tcbskins.code.tex
Library (tcolorbox): 'tcbskins.code.tex' version '4.22'
\tcb@waterbox=\box114

(C:\Users\user\AppData\Roaming\MiKTeX\2.9\tex/latex/tcolorbox\tcbskinsjigsaw.co
de.tex
Library (tcolorbox): 'tcbskinsjigsaw.code.tex' version '4.22'
))
(C:\Users\user\AppData\Roaming\MiKTeX\2.9\tex/latex/tcolorbox\tcbtheorems.code.
tex
Library (tcolorbox): 'tcbtheorems.code.tex' version '4.22'
)) ("I:\Program Files\MiKTeX 2.9\tex/latex/jknappen\mathrsfs.sty"
Package: mathrsfs 1996/01/01 Math RSFS package v1.0 (jk)
\symrsfs=\mathgroup7
)
(C:\Users\user\AppData\Roaming\MiKTeX\2.9\tex/latex/animate\animate.sty
Package: animate 2019/12/03 PDF & SVG animations from files and inline graphics


("I:\Program Files\MiKTeX 2.9\tex/latex/xkeyval\xkeyval.sty"
Package: xkeyval 2014/12/03 v2.7a package option processing (HA)

("I:\Program Files\MiKTeX 2.9\tex/generic/xkeyval\xkeyval.tex"
("I:\Program Files\MiKTeX 2.9\tex/generic/xkeyval\xkvutils.tex"
\XKV@toks=\toks49
\XKV@tempa@toks=\toks50
)
\XKV@depth=\count357
File: xkeyval.tex 2014/12/03 v2.7a key=value parser (HA)
))
("I:\Program Files\MiKTeX 2.9\tex/latex/base\ifthen.sty"
Package: ifthen 2014/09/29 v1.1c Standard LaTeX ifthen package (DPC)
)
("I:\Program Files\MiKTeX 2.9\tex/latex/oberdiek\ifdraft.sty"
Package: ifdraft 2016/05/16 v1.4 Detect class options draft and final (HO)
)
("I:\Program Files\MiKTeX 2.9\tex/latex/oberdiek\zref-abspage.sty"
Package: zref-abspage 2018/11/21 v2.27 Module abspage for zref (HO)

("I:\Program Files\MiKTeX 2.9\tex/latex/oberdiek\zref-base.sty"
Package: zref-base 2018/11/21 v2.27 Module base for zref (HO)
Package zref Info: New property list: main on input line 759.
Package zref Info: New property: default on input line 760.
Package zref Info: New property: page on input line 761.
)
\c@abspage=\count358
Package zref Info: New property: abspage on input line 62.
)
(C:\Users\user\AppData\Roaming\MiKTeX\2.9\tex/latex/media9\pdfbase.sty
(C:\Users\user\AppData\Roaming\MiKTeX\2.9\tex/latex/l3packages/l3keys2e\l3keys2
e.sty
Package: l3keys2e 2020-02-08 LaTeX2e option processing using LaTeX3 keys
)
Package: pdfbase 2020/01/27 v0.36 driver independent access to low-level PDF fe
atures
\g_pbs_page_int=\count359
\g_pbs_obj_int=\count360
\g_pbs_oc_int=\count361
) (C:\Users\user\AppData\Roaming\MiKTeX\2.9\tex/latex/ocgx2\ocgbase.sty
Package: ocgbase 2019/11/04 v0.17 support package for ocgx2.sty
\g_ocgbase_nd_int=\count362
)
\@anim@box=\box115
\@anim@measbox=\box116
\@anim@tmpdima=\dimen305
\@anim@tmpdimb=\dimen306
\@anim@num=\count363
\@anim@curframe=\count364
\@anim@curframe@zb=\count365
\@anim@resizeflags=\count366
\@anim@skipfram=\count367
\@anim@mulframecnt=\count368
\@anim@@tmlnfile=\read4
\@anim@tmpcnt=\count369
\c@@anim@ltxcnt=\count370
\@anim@curlayer=\count371
\@anim@lineno=\count372
\@anim@curfield=\count373
\@anim@@resizeflags=\count374
) (C:\Users\user\AppData\Roaming\MiKTeX\2.9\tex/latex/multido\multido.sty
Package: multido 2004/05/17 package wrapper for PSTricks `multido.tex', (HV/RN)


(C:\Users\user\AppData\Roaming\MiKTeX\2.9\tex/generic/multido\multido.tex
 v1.42, 2010/05/14 <tvz>
\multido@count=\count375
\multidocount=\count376
\multido@stuff=\toks51
)
File: multido.tex 2010/05/14 v1.42 `multido' (tvz,hv)
)
(C:\Users\user\AppData\Roaming\MiKTeX\2.9\tex/latex/beamer\xmpmulti.sty
\@mpm@count=\count377
)
(C:\Users\user\AppData\Roaming\MiKTeX\2.9\tex/generic/pgf/frontendlayer/tikz/li
braries\tikzlibrarypositioning.code.tex
File: tikzlibrarypositioning.code.tex 2019/05/09 v3.1.3 (3.1.3)
)
(C:\Users\user\AppData\Roaming\MiKTeX\2.9\tex/generic/pgf/frontendlayer/tikz/li
braries\tikzlibraryarrows.code.tex
File: tikzlibraryarrows.code.tex 2019/05/09 v3.1.3 (3.1.3)

(C:\Users\user\AppData\Roaming\MiKTeX\2.9\tex/generic/pgf/libraries\pgflibrarya
rrows.code.tex
File: pgflibraryarrows.code.tex 2019/05/09 v3.1.3 (3.1.3)
\arrowsize=\dimen307
))

Package fontspec Info: Font family 'texgyreheros(0)' created for font
(fontspec)             'texgyreheros' with options
(fontspec)             [Ligatures=TeX,Extension=.otf,UprightFont=
(fontspec)             *-regular,BoldFont=*-bold,ItalicFont=*-italic,BoldItalic
Font=*-bolditalic].
(fontspec)              
(fontspec)              This font family consists of the following NFSS
(fontspec)             series/shapes:
(fontspec)              
(fontspec)             - 'normal' (m/n) with NFSS spec.:
(fontspec)             <->"[texgyreheros-regular.otf]/OT:script=latn;language=D
FLT;mapping=tex-text;"
(fontspec)             - 'small caps'  (m/sc) with NFSS spec.:
(fontspec)             <->"[texgyreheros-regular.otf]/OT:script=latn;language=D
FLT;+smcp;mapping=tex-text;"
(fontspec)             - 'bold' (bx/n) with NFSS spec.:
(fontspec)             <->"[texgyreheros-bold.otf]/OT:script=latn;language=DFLT
;mapping=tex-text;"
(fontspec)             - 'bold small caps'  (bx/sc) with NFSS spec.:
(fontspec)             <->"[texgyreheros-bold.otf]/OT:script=latn;language=DFLT
;+smcp;mapping=tex-text;"
(fontspec)             - 'italic' (m/it) with NFSS spec.:
(fontspec)             <->"[texgyreheros-italic.otf]/OT:script=latn;language=DF
LT;mapping=tex-text;"
(fontspec)             - 'italic small caps'  (m/itsc) with NFSS spec.:
(fontspec)             <->"[texgyreheros-italic.otf]/OT:script=latn;language=DF
LT;+smcp;mapping=tex-text;"
(fontspec)             - 'bold italic' (bx/it) with NFSS spec.:
(fontspec)             <->"[texgyreheros-bolditalic.otf]/OT:script=latn;languag
e=DFLT;mapping=tex-text;"
(fontspec)             - 'bold italic small caps'  (bx/itsc) with NFSS spec.:
(fontspec)             <->"[texgyreheros-bolditalic.otf]/OT:script=latn;languag
e=DFLT;+smcp;mapping=tex-text;"

LaTeX Info: Redefining \rmfamily on input line 103.

(C:\Users\user\AppData\Roaming\MiKTeX\2.9\tex/latex/beamer\beamerfontthemeprofe
ssionalfonts.sty)
(C:\Users\user\AppData\Roaming\MiKTeX\2.9\tex/latex/eulervm\eulervm.sty
Package: eulervm 2005/01/11 v4.0 (WaS)
)
(C:\Users\user\AppData\Roaming\MiKTeX\2.9\tex/latex/mathtools\mathtools.sty
Package: mathtools 2020/01/17 v1.23 mathematical typesetting tools

(C:\Users\user\AppData\Roaming\MiKTeX\2.9\tex/latex/mathtools\mhsetup.sty
Package: mhsetup 2017/03/31 v1.3 programming setup (MH)
)
LaTeX Info: Thecontrolsequence`\('isalreadyrobust on input line 129.
LaTeX Info: Thecontrolsequence`\)'isalreadyrobust on input line 129.
LaTeX Info: Thecontrolsequence`\['isalreadyrobust on input line 129.
LaTeX Info: Thecontrolsequence`\]'isalreadyrobust on input line 129.
\g_MT_multlinerow_int=\count378
\l_MT_multwidth_dim=\dimen308
\origjot=\skip89
\l_MT_shortvdotswithinadjustabove_dim=\dimen309
\l_MT_shortvdotswithinadjustbelow_dim=\dimen310
\l_MT_above_intertext_sep=\dimen311
\l_MT_below_intertext_sep=\dimen312
\l_MT_above_shortintertext_sep=\dimen313
\l_MT_below_shortintertext_sep=\dimen314
)

Package hyperref Warning: Token not allowed in a PDF string (Unicode):
(hyperref)                removing `\new@ifnextchar' on input line 149.


Package hyperref Warning: Token not allowed in a PDF string (Unicode):
(hyperref)                removing `\baselineskip' on input line 149.


Package hyperref Warning: Token not allowed in a PDF string (Unicode):
(hyperref)                removing `\new@ifnextchar' on input line 149.


Package hyperref Warning: Token not allowed in a PDF string (Unicode):
(hyperref)                removing `\baselineskip' on input line 149.


Package hyperref Warning: Token not allowed in a PDF string (Unicode):
(hyperref)                removing `\\' on input line 149.


Package hyperref Warning: Token not allowed in a PDF string (Unicode):
(hyperref)                removing `\\' on input line 149.


Package hyperref Warning: Token not allowed in a PDF string (Unicode):
(hyperref)                removing `\new@ifnextchar' on input line 149.


Package hyperref Warning: Token not allowed in a PDF string (Unicode):
(hyperref)                removing `\baselineskip' on input line 149.


Package hyperref Warning: Token not allowed in a PDF string (Unicode):
(hyperref)                removing `\\' on input line 149.


Package hyperref Warning: Token not allowed in a PDF string (Unicode):
(hyperref)                removing `\\' on input line 149.


Package hyperref Warning: Token not allowed in a PDF string (Unicode):
(hyperref)                removing `\new@ifnextchar' on input line 149.


Package hyperref Warning: Token not allowed in a PDF string (Unicode):
(hyperref)                removing `\baselineskip' on input line 149.


Package hyperref Warning: Token not allowed in a PDF string (Unicode):
(hyperref)                removing `\\' on input line 149.


Package hyperref Warning: Token not allowed in a PDF string (Unicode):
(hyperref)                removing `\\' on input line 149.


Package hyperref Warning: Token not allowed in a PDF string (Unicode):
(hyperref)                removing `\\' on input line 149.


Package hyperref Warning: Token not allowed in a PDF string (Unicode):
(hyperref)                removing `\new@ifnextchar' on input line 149.


Package hyperref Warning: Token not allowed in a PDF string (Unicode):
(hyperref)                removing `\baselineskip' on input line 149.


Package hyperref Warning: Token not allowed in a PDF string (Unicode):
(hyperref)                removing `\new@ifnextchar' on input line 173.


Package hyperref Warning: Token not allowed in a PDF string (Unicode):
(hyperref)                removing `\baselineskip' on input line 173.


Package hyperref Warning: Token not allowed in a PDF string (Unicode):
(hyperref)                removing `\new@ifnextchar' on input line 173.


Package hyperref Warning: Token not allowed in a PDF string (Unicode):
(hyperref)                removing `\baselineskip' on input line 173.


Package hyperref Warning: Token not allowed in a PDF string (Unicode):
(hyperref)                removing `\new@ifnextchar' on input line 173.


Package hyperref Warning: Token not allowed in a PDF string (Unicode):
(hyperref)                removing `\baselineskip' on input line 173.

(Presentacion_trabajo_de_grado.aux
LaTeX Info: Redefining \. on input line 30.
LaTeX Info: Redefining \% on input line 30.
)
\openout1 = `Presentacion_trabajo_de_grado.aux'.

LaTeX Font Info:    Checking defaults for OML/cmm/m/it on input line 173.
LaTeX Font Info:    ... okay on input line 173.
LaTeX Font Info:    Checking defaults for T1/cmr/m/n on input line 173.
LaTeX Font Info:    ... okay on input line 173.
LaTeX Font Info:    Checking defaults for OT1/cmr/m/n on input line 173.
LaTeX Font Info:    ... okay on input line 173.
LaTeX Font Info:    Checking defaults for OMS/cmsy/m/n on input line 173.
LaTeX Font Info:    ... okay on input line 173.
LaTeX Font Info:    Checking defaults for TU/lmr/m/n on input line 173.
LaTeX Font Info:    ... okay on input line 173.
LaTeX Font Info:    Checking defaults for OMX/cmex/m/n on input line 173.
LaTeX Font Info:    ... okay on input line 173.
LaTeX Font Info:    Checking defaults for U/cmr/m/n on input line 173.
LaTeX Font Info:    ... okay on input line 173.
LaTeX Font Info:    Checking defaults for PD1/pdf/m/n on input line 173.
LaTeX Font Info:    ... okay on input line 173.
LaTeX Font Info:    Checking defaults for PU/pdf/m/n on input line 173.
LaTeX Font Info:    ... okay on input line 173.

*geometry* detected driver: pdftex
*geometry* verbose mode - [ preamble ] result:
* driver: pdftex
* paper: custom
* layout: <same size as paper>
* layoutoffset:(h,v)=(0.0pt,0.0pt)
* modes: includehead includefoot 
* h-part:(L,W,R)=(14.22636pt, 369.88585pt, 71.13187pt)
* v-part:(T,H,B)=(0.0pt, 256.0748pt, 0.0pt)
* \paperwidth=455.24408pt
* \paperheight=256.0748pt
* \textwidth=369.88585pt
* \textheight=227.62207pt
* \oddsidemargin=-58.04362pt
* \evensidemargin=-58.04362pt
* \topmargin=-72.26999pt
* \headheight=14.22636pt
* \headsep=0.0pt
* \topskip=10.0pt
* \footskip=14.22636pt
* \marginparwidth=3.0pt
* \marginparsep=11.0pt
* \columnsep=10.0pt
* \skip\footins=9.0pt plus 4.0pt minus 2.0pt
* \hoffset=0.0pt
* \voffset=0.0pt
* \mag=1000
* \@twocolumnfalse
* \@twosidefalse
* \@mparswitchfalse
* \@reversemarginfalse
* (1in=72.27pt=25.4mm, 1cm=28.453pt)

ABD: EveryShipout initializing macros
\AtBeginShipoutBox=\box117
Package hyperref Info: Link coloring OFF on input line 173.

("I:\Program Files\MiKTeX 2.9\tex/latex/hyperref\nameref.sty"
Package: nameref 2016/05/21 v2.44 Cross-referencing by name of section

("I:\Program Files\MiKTeX 2.9\tex/latex/oberdiek\refcount.sty"
Package: refcount 2016/05/16 v3.5 Data extraction from label references (HO)
)
("I:\Program Files\MiKTeX 2.9\tex/generic/oberdiek\gettitlestring.sty"
Package: gettitlestring 2016/05/16 v1.5 Cleanup title references (HO)
)
\c@section@level=\count379
)
LaTeX Info: Redefining \ref on input line 173.
LaTeX Info: Redefining \pageref on input line 173.
LaTeX Info: Redefining \nameref on input line 173.

(Presentacion_trabajo_de_grado.out) (Presentacion_trabajo_de_grado.out)
\@outlinefile=\write7
\openout7 = `Presentacion_trabajo_de_grado.out'.


(C:\Users\user\AppData\Roaming\MiKTeX\2.9\tex/latex/translator\translator-basic
-dictionary-English.dict
Dictionary: translator-basic-dictionary, Language: English 
)
(C:\Users\user\AppData\Roaming\MiKTeX\2.9\tex/latex/translator\translator-bibli
ography-dictionary-English.dict
Dictionary: translator-bibliography-dictionary, Language: English 
)
(C:\Users\user\AppData\Roaming\MiKTeX\2.9\tex/latex/translator\translator-envir
onment-dictionary-English.dict
Dictionary: translator-environment-dictionary, Language: English 
)
(C:\Users\user\AppData\Roaming\MiKTeX\2.9\tex/latex/translator\translator-month
s-dictionary-English.dict
Dictionary: translator-months-dictionary, Language: English 
)
(C:\Users\user\AppData\Roaming\MiKTeX\2.9\tex/latex/translator\translator-numbe
rs-dictionary-English.dict
Dictionary: translator-numbers-dictionary, Language: English 
)
(C:\Users\user\AppData\Roaming\MiKTeX\2.9\tex/latex/translator\translator-theor
em-dictionary-English.dict
Dictionary: translator-theorem-dictionary, Language: English 
)
LaTeX Info: Redefining \. on input line 173.
LaTeX Info: Redefining \% on input line 173.
 ABD: EverySelectfont initializing macros
LaTeX Info: Redefining \selectfont on input line 173.

(Presentacion_trabajo_de_grado.nav)
File: AAUgraphics/aau_logo_new_circle.pdf Graphic file (type pdf)
<use AAUgraphics/aau_logo_new_circle.pdf>
File: AAUgraphics/logo_eafit_vig_minedu.pdf Graphic file (type pdf)
<use AAUgraphics/logo_eafit_vig_minedu.pdf>
LaTeX Font Info:    Try loading font information for OT1+lmss on input line 178
.

("I:\Program Files\MiKTeX 2.9\tex/latex/lm\ot1lmss.fd"
File: ot1lmss.fd 2009/10/30 v1.6 Font defs for Latin Modern
)
LaTeX Font Info:    Try loading font information for U+zeur on input line 178.

(C:\Users\user\AppData\Roaming\MiKTeX\2.9\tex/latex/eulervm\uzeur.fd
File: uzeur.fd 2005/01/11 v4.0 (WaS)
)
LaTeX Font Info:    Font shape `U/zeur/m/n' will be
(Font)              scaled to size 9.49997pt on input line 178.
LaTeX Font Info:    Font shape `U/zeur/m/n' will be
(Font)              scaled to size 6.64998pt on input line 178.
LaTeX Font Info:    Font shape `U/zeur/m/n' will be
(Font)              scaled to size 4.74998pt on input line 178.
LaTeX Font Info:    Try loading font information for U+zeus on input line 178.

(C:\Users\user\AppData\Roaming\MiKTeX\2.9\tex/latex/eulervm\uzeus.fd
File: uzeus.fd 2005/01/11 v4.0 (WaS)
)
LaTeX Font Info:    Font shape `U/zeus/m/n' will be
(Font)              scaled to size 9.49997pt on input line 178.
LaTeX Font Info:    Font shape `U/zeus/m/n' will be
(Font)              scaled to size 6.64998pt on input line 178.
LaTeX Font Info:    Font shape `U/zeus/m/n' will be
(Font)              scaled to size 4.74998pt on input line 178.
LaTeX Font Info:    Try loading font information for U+zeuex on input line 178.


(C:\Users\user\AppData\Roaming\MiKTeX\2.9\tex/latex/eulervm\uzeuex.fd
File: uzeuex.fd 2005/01/11 v4.0 (WaS)
)
LaTeX Font Info:    Font shape `U/zeuex/m/n' will be
(Font)              scaled to size 9.49997pt on input line 178.
LaTeX Font Info:    Font shape `U/zeuex/m/n' will be
(Font)              scaled to size 6.64998pt on input line 178.
LaTeX Font Info:    Font shape `U/zeuex/m/n' will be
(Font)              scaled to size 4.74998pt on input line 178.
LaTeX Font Info:    Font shape `U/msa/m/n' will be
(Font)              scaled to size 9.49997pt on input line 178.
LaTeX Font Info:    Font shape `U/msa/m/n' will be
(Font)              scaled to size 6.64998pt on input line 178.
LaTeX Font Info:    Font shape `U/msa/m/n' will be
(Font)              scaled to size 4.74998pt on input line 178.
LaTeX Font Info:    Font shape `U/msb/m/n' will be
(Font)              scaled to size 9.49997pt on input line 178.
LaTeX Font Info:    Font shape `U/msb/m/n' will be
(Font)              scaled to size 6.64998pt on input line 178.
LaTeX Font Info:    Font shape `U/msb/m/n' will be
(Font)              scaled to size 4.74998pt on input line 178.
LaTeX Font Info:    Try loading font information for U+wasy on input line 178.

(C:\Users\user\AppData\Roaming\MiKTeX\2.9\tex/latex/wasysym\uwasy.fd
File: uwasy.fd 2020/01/19 v2.4 Wasy-2 symbol font definitions
)
LaTeX Font Info:    Try loading font information for U+rsfs on input line 178.

("I:\Program Files\MiKTeX 2.9\tex/latex/jknappen\ursfs.fd"
File: ursfs.fd 1998/03/24 rsfs font definition file (jk)
)
Overfull \hbox (56.9055pt too wide) in paragraph at lines 178--178
[]$[]$[]  
 []

File: AAUgraphics/aau_waves.jpg Graphic file (type bmp)
<AAUgraphics/aau_waves.jpg>
[1

]
LaTeX Font Info:    Font shape `TU/lmss/m/it' in size <9> not available
(Font)              Font shape `TU/lmss/m/sl' tried instead on input line 201.
LaTeX Font Info:    Font shape `U/zeur/m/n' will be
(Font)              scaled to size 8.54997pt on input line 201.
LaTeX Font Info:    Font shape `U/zeur/m/n' will be
(Font)              scaled to size 5.69998pt on input line 201.
LaTeX Font Info:    Font shape `U/zeus/m/n' will be
(Font)              scaled to size 8.54997pt on input line 201.
LaTeX Font Info:    Font shape `U/zeus/m/n' will be
(Font)              scaled to size 5.69998pt on input line 201.
LaTeX Font Info:    Font shape `U/zeuex/m/n' will be
(Font)              scaled to size 8.54997pt on input line 201.
LaTeX Font Info:    Font shape `U/zeuex/m/n' will be
(Font)              scaled to size 5.69998pt on input line 201.
LaTeX Font Info:    Font shape `U/msa/m/n' will be
(Font)              scaled to size 8.54997pt on input line 201.
LaTeX Font Info:    Font shape `U/msa/m/n' will be
(Font)              scaled to size 5.69998pt on input line 201.
LaTeX Font Info:    Font shape `U/msb/m/n' will be
(Font)              scaled to size 8.54997pt on input line 201.
LaTeX Font Info:    Font shape `U/msb/m/n' will be
(Font)              scaled to size 5.69998pt on input line 201.
LaTeX Font Info:    Font shape `U/zeur/m/n' will be
(Font)              scaled to size 7.59998pt on input line 201.
LaTeX Font Info:    Font shape `U/zeus/m/n' will be
(Font)              scaled to size 7.59998pt on input line 201.
LaTeX Font Info:    Font shape `U/zeuex/m/n' will be
(Font)              scaled to size 7.59998pt on input line 201.
LaTeX Font Info:    Font shape `U/msa/m/n' will be
(Font)              scaled to size 7.59998pt on input line 201.
LaTeX Font Info:    Font shape `U/msb/m/n' will be
(Font)              scaled to size 7.59998pt on input line 201.
LaTeX Font Info:    Font shape `TU/lmss/m/it' in size <5> not available
(Font)              Font shape `TU/lmss/m/sl' tried instead on input line 201.
File: Figures/OCT_Images.pdf Graphic file (type pdf)
<use Figures/OCT_Images.pdf>
LaTeX Font Info:    Font shape `U/zeur/m/n' will be
(Font)              scaled to size 13.67995pt on input line 201.
LaTeX Font Info:    Font shape `U/zeus/m/n' will be
(Font)              scaled to size 13.67995pt on input line 201.
LaTeX Font Info:    Font shape `U/zeuex/m/n' will be
(Font)              scaled to size 13.67995pt on input line 201.
LaTeX Font Info:    Font shape `U/msa/m/n' will be
(Font)              scaled to size 13.67995pt on input line 201.
LaTeX Font Info:    Font shape `U/msb/m/n' will be
(Font)              scaled to size 13.67995pt on input line 201.

Overfull \hbox (1.18001pt too wide) has occurred while \output is active
[][][] [][]
 []


Overfull \hbox (1.18001pt too wide) has occurred while \output is active
[][][] [][]
 []


Overfull \hbox (1.18001pt too wide) has occurred while \output is active
[][][] [][]
 []

File: AAUgraphics/aau_logo_new_circle.pdf Graphic file (type pdf)
<use AAUgraphics/aau_logo_new_circle.pdf>
[2

]
File: Figuras/Confocal_gating.png Graphic file (type bmp)
<Figuras/Confocal_gating.png>
File: Figuras/Human_photoreceptos.png Graphic file (type bmp)
<Figuras/Human_photoreceptos.png>

Overfull \hbox (1.18001pt too wide) has occurred while \output is active
[][][] [][]
 []


Overfull \hbox (1.18001pt too wide) has occurred while \output is active
[][][] [][]
 []


Overfull \hbox (1.18001pt too wide) has occurred while \output is active
[][][] [][]
 []

File: AAUgraphics/aau_logo_new_circle.pdf Graphic file (type pdf)
<use AAUgraphics/aau_logo_new_circle.pdf>
[3

]
File: Figuras/Confocal_gating.png Graphic file (type bmp)
<Figuras/Confocal_gating.png>
File: Figuras/Human_photoreceptos.png Graphic file (type bmp)
<Figuras/Human_photoreceptos.png>

Overfull \hbox (1.18001pt too wide) has occurred while \output is active
[][][] [][]
 []


Overfull \hbox (1.18001pt too wide) has occurred while \output is active
[][][] [][]
 []


Overfull \hbox (1.18001pt too wide) has occurred while \output is active
[][][] [][]
 []

File: AAUgraphics/aau_logo_new_circle.pdf Graphic file (type pdf)
<use AAUgraphics/aau_logo_new_circle.pdf>
[4

]
File: Figuras/Confocal_gating.png Graphic file (type bmp)
<Figuras/Confocal_gating.png>
File: Figuras/Human_photoreceptos.png Graphic file (type bmp)
<Figuras/Human_photoreceptos.png>

Overfull \hbox (1.18001pt too wide) has occurred while \output is active
[][][] [][]
 []


Overfull \hbox (1.18001pt too wide) has occurred while \output is active
[][][] [][]
 []


Overfull \hbox (1.18001pt too wide) has occurred while \output is active
[][][] [][]
 []

File: AAUgraphics/aau_logo_new_circle.pdf Graphic file (type pdf)
<use AAUgraphics/aau_logo_new_circle.pdf>
[5

]
File: Figuras/ProblemStatement_1.png Graphic file (type bmp)
<Figuras/ProblemStatement_1.png>
File: Figuras/ProblemStatement_2.png Graphic file (type bmp)
<Figuras/ProblemStatement_2.png>
File: Figuras/ProblemStatement_3.png Graphic file (type bmp)
<Figuras/ProblemStatement_3.png>

Overfull \hbox (5.25159pt too wide) in paragraph at lines 245--245
[][] 
 []

File: Figuras/ProblemStatement_4.png Graphic file (type bmp)
<Figuras/ProblemStatement_4.png>

Overfull \hbox (5.25159pt too wide) in paragraph at lines 245--245
[][] 
 []


Overfull \hbox (1.18001pt too wide) has occurred while \output is active
[][][] [][]
 []


Overfull \hbox (1.18001pt too wide) has occurred while \output is active
[][][] [][]
 []


Overfull \hbox (1.18001pt too wide) has occurred while \output is active
[][][] [][]
 []

File: AAUgraphics/aau_logo_new_circle.pdf Graphic file (type pdf)
<use AAUgraphics/aau_logo_new_circle.pdf>
[6

]
File: Figuras/ProblemStatement_1.png Graphic file (type bmp)
<Figuras/ProblemStatement_1.png>
File: Figuras/ProblemStatement_2.png Graphic file (type bmp)
<Figuras/ProblemStatement_2.png>
File: Figuras/ProblemStatement_3.png Graphic file (type bmp)
<Figuras/ProblemStatement_3.png>

Overfull \hbox (5.25159pt too wide) in paragraph at lines 245--245
[][] 
 []

File: Figuras/ProblemStatement_4.png Graphic file (type bmp)
<Figuras/ProblemStatement_4.png>

Overfull \hbox (5.25159pt too wide) in paragraph at lines 245--245
[][] 
 []


Overfull \hbox (1.18001pt too wide) has occurred while \output is active
[][][] [][]
 []


Overfull \hbox (1.18001pt too wide) has occurred while \output is active
[][][] [][]
 []


Overfull \hbox (1.18001pt too wide) has occurred while \output is active
[][][] [][]
 []

File: AAUgraphics/aau_logo_new_circle.pdf Graphic file (type pdf)
<use AAUgraphics/aau_logo_new_circle.pdf>
[7

]
File: Figuras/ProblemStatement_1.png Graphic file (type bmp)
<Figuras/ProblemStatement_1.png>
File: Figuras/ProblemStatement_2.png Graphic file (type bmp)
<Figuras/ProblemStatement_2.png>
File: Figuras/ProblemStatement_3.png Graphic file (type bmp)
<Figuras/ProblemStatement_3.png>

Overfull \hbox (5.25159pt too wide) in paragraph at lines 245--245
[][] 
 []

File: Figuras/ProblemStatement_4.png Graphic file (type bmp)
<Figuras/ProblemStatement_4.png>

Overfull \hbox (5.25159pt too wide) in paragraph at lines 245--245
[][] 
 []


Overfull \hbox (1.18001pt too wide) has occurred while \output is active
[][][] [][]
 []


Overfull \hbox (1.18001pt too wide) has occurred while \output is active
[][][] [][]
 []


Overfull \hbox (1.18001pt too wide) has occurred while \output is active
[][][] [][]
 []

File: AAUgraphics/aau_logo_new_circle.pdf Graphic file (type pdf)
<use AAUgraphics/aau_logo_new_circle.pdf>
[8

]
File: Figuras/ProblemStatement_1.png Graphic file (type bmp)
<Figuras/ProblemStatement_1.png>
File: Figuras/ProblemStatement_2.png Graphic file (type bmp)
<Figuras/ProblemStatement_2.png>
File: Figuras/ProblemStatement_3.png Graphic file (type bmp)
<Figuras/ProblemStatement_3.png>

Overfull \hbox (5.25159pt too wide) in paragraph at lines 245--245
[][] 
 []

File: Figuras/ProblemStatement_4.png Graphic file (type bmp)
<Figuras/ProblemStatement_4.png>

Overfull \hbox (5.25159pt too wide) in paragraph at lines 245--245
[][] 
 []


Overfull \hbox (1.18001pt too wide) has occurred while \output is active
[][][] [][]
 []


Overfull \hbox (1.18001pt too wide) has occurred while \output is active
[][][] [][]
 []


Overfull \hbox (1.18001pt too wide) has occurred while \output is active
[][][] [][]
 []

File: AAUgraphics/aau_logo_new_circle.pdf Graphic file (type pdf)
<use AAUgraphics/aau_logo_new_circle.pdf>
[9

]
File: Figuras/ProblemStatement_1.png Graphic file (type bmp)
<Figuras/ProblemStatement_1.png>
File: Figuras/ProblemStatement_2.png Graphic file (type bmp)
<Figuras/ProblemStatement_2.png>
File: Figuras/ProblemStatement_3.png Graphic file (type bmp)
<Figuras/ProblemStatement_3.png>

Overfull \hbox (5.25159pt too wide) in paragraph at lines 245--245
[][] 
 []

File: Figuras/ProblemStatement_4.png Graphic file (type bmp)
<Figuras/ProblemStatement_4.png>

Overfull \hbox (5.25159pt too wide) in paragraph at lines 245--245
[][] 
 []


Overfull \hbox (1.18001pt too wide) has occurred while \output is active
[][][] [][]
 []


Overfull \hbox (1.18001pt too wide) has occurred while \output is active
[][][] [][]
 []


Overfull \hbox (1.18001pt too wide) has occurred while \output is active
[][][] [][]
 []

File: AAUgraphics/aau_logo_new_circle.pdf Graphic file (type pdf)
<use AAUgraphics/aau_logo_new_circle.pdf>
[10

]
Overfull \hbox (1.18001pt too wide) has occurred while \output is active
[][][] [][]
 []


Overfull \hbox (1.18001pt too wide) has occurred while \output is active
[][][] [][]
 []


Overfull \hbox (1.18001pt too wide) has occurred while \output is active
[][][] [][]
 []

File: AAUgraphics/aau_logo_new_circle.pdf Graphic file (type pdf)
<use AAUgraphics/aau_logo_new_circle.pdf>
[11

]
Overfull \hbox (1.18001pt too wide) has occurred while \output is active
[][][] [][]
 []


Overfull \hbox (1.18001pt too wide) has occurred while \output is active
[][][] [][]
 []


Overfull \hbox (1.18001pt too wide) has occurred while \output is active
[][][] [][]
 []

File: AAUgraphics/aau_logo_new_circle.pdf Graphic file (type pdf)
<use AAUgraphics/aau_logo_new_circle.pdf>
[12

]
Overfull \hbox (1.18001pt too wide) has occurred while \output is active
[][][] [][]
 []


Overfull \hbox (1.18001pt too wide) has occurred while \output is active
[][][] [][]
 []


Overfull \hbox (1.18001pt too wide) has occurred while \output is active
[][][] [][]
 []

File: AAUgraphics/aau_logo_new_circle.pdf Graphic file (type pdf)
<use AAUgraphics/aau_logo_new_circle.pdf>
[13

]
File: Figuras/Theory_ConvModel_1.png Graphic file (type bmp)
<Figuras/Theory_ConvModel_1.png>
File: Figuras/Theory_ConvModel_2.png Graphic file (type bmp)
<Figuras/Theory_ConvModel_2.png>

Overfull \hbox (1.9535pt too wide) in paragraph at lines 285--285
[][] 
 []


Overfull \hbox (1.18001pt too wide) has occurred while \output is active
[][][] [][]
 []


Overfull \hbox (1.18001pt too wide) has occurred while \output is active
[][][] [][]
 []


Overfull \hbox (1.18001pt too wide) has occurred while \output is active
[][][] [][]
 []

File: AAUgraphics/aau_logo_new_circle.pdf Graphic file (type pdf)
<use AAUgraphics/aau_logo_new_circle.pdf>
[14

]
File: Figuras/Theory_ConvModel_1.png Graphic file (type bmp)
<Figuras/Theory_ConvModel_1.png>
File: Figuras/Theory_ConvModel_2.png Graphic file (type bmp)
<Figuras/Theory_ConvModel_2.png>

Overfull \hbox (1.9535pt too wide) in paragraph at lines 285--285
[][] 
 []


Overfull \hbox (1.18001pt too wide) has occurred while \output is active
[][][] [][]
 []


Overfull \hbox (1.18001pt too wide) has occurred while \output is active
[][][] [][]
 []


Overfull \hbox (1.18001pt too wide) has occurred while \output is active
[][][] [][]
 []

File: AAUgraphics/aau_logo_new_circle.pdf Graphic file (type pdf)
<use AAUgraphics/aau_logo_new_circle.pdf>
[15

]
File: Figuras/Theory_ConvModel_1.png Graphic file (type bmp)
<Figuras/Theory_ConvModel_1.png>
File: Figuras/Theory_ConvModel_2.png Graphic file (type bmp)
<Figuras/Theory_ConvModel_2.png>

Overfull \hbox (1.9535pt too wide) in paragraph at lines 285--285
[][] 
 []


Overfull \hbox (1.18001pt too wide) has occurred while \output is active
[][][] [][]
 []


Overfull \hbox (1.18001pt too wide) has occurred while \output is active
[][][] [][]
 []


Overfull \hbox (1.18001pt too wide) has occurred while \output is active
[][][] [][]
 []

File: AAUgraphics/aau_logo_new_circle.pdf Graphic file (type pdf)
<use AAUgraphics/aau_logo_new_circle.pdf>
[16

]
File: Figuras/Theory_ConvModel_1.png Graphic file (type bmp)
<Figuras/Theory_ConvModel_1.png>
File: Figuras/Theory_ConvModel_2.png Graphic file (type bmp)
<Figuras/Theory_ConvModel_2.png>

Overfull \hbox (1.9535pt too wide) in paragraph at lines 285--285
[][] 
 []


Overfull \hbox (1.18001pt too wide) has occurred while \output is active
[][][] [][]
 []


Overfull \hbox (1.18001pt too wide) has occurred while \output is active
[][][] [][]
 []


Overfull \hbox (1.18001pt too wide) has occurred while \output is active
[][][] [][]
 []

File: AAUgraphics/aau_logo_new_circle.pdf Graphic file (type pdf)
<use AAUgraphics/aau_logo_new_circle.pdf>
[17

]
LaTeX Font Info:    Font shape `TU/lmss/m/it' in size <8> not available
(Font)              Font shape `TU/lmss/m/sl' tried instead on input line 329.
File: Figuras/Scanning_point.png Graphic file (type bmp)
<Figuras/Scanning_point.png>

Overfull \hbox (1.18001pt too wide) has occurred while \output is active
[][][] [][]
 []


Overfull \hbox (1.18001pt too wide) has occurred while \output is active
[][][] [][]
 []


Overfull \hbox (1.18001pt too wide) has occurred while \output is active
[][][] [][]
 []

File: AAUgraphics/aau_logo_new_circle.pdf Graphic file (type pdf)
<use AAUgraphics/aau_logo_new_circle.pdf>
[18

]
File: Figuras/SD-OCT.png Graphic file (type bmp)
<Figuras/SD-OCT.png>
File: Figuras/FF-SSOCT_1.png Graphic file (type bmp)
<Figuras/FF-SSOCT_1.png>

Overfull \hbox (10.25658pt too wide) in paragraph at lines 347--347
[][] 
 []

File: Figuras/FF-SSOCT_2.png Graphic file (type bmp)
<Figuras/FF-SSOCT_2.png>

Overfull \hbox (10.25658pt too wide) in paragraph at lines 347--347
[][] 
 []

LaTeX Font Info:    Font shape `TU/lmss/bx/it' in size <9> not available
(Font)              Font shape `TU/lmss/bx/sl' tried instead on input line 347.


Overfull \hbox (1.18001pt too wide) has occurred while \output is active
[][][] [][]
 []


Overfull \hbox (1.18001pt too wide) has occurred while \output is active
[][][] [][]
 []


Overfull \hbox (1.18001pt too wide) has occurred while \output is active
[][][] [][]
 []

File: AAUgraphics/aau_logo_new_circle.pdf Graphic file (type pdf)
<use AAUgraphics/aau_logo_new_circle.pdf>
[19

]
File: Figuras/SD-OCT.png Graphic file (type bmp)
<Figuras/SD-OCT.png>
File: Figuras/FF-SSOCT_1.png Graphic file (type bmp)
<Figuras/FF-SSOCT_1.png>

Overfull \hbox (10.25658pt too wide) in paragraph at lines 347--347
[][] 
 []

File: Figuras/FF-SSOCT_2.png Graphic file (type bmp)
<Figuras/FF-SSOCT_2.png>

Overfull \hbox (10.25658pt too wide) in paragraph at lines 347--347
[][] 
 []


Overfull \hbox (1.18001pt too wide) has occurred while \output is active
[][][] [][]
 []


Overfull \hbox (1.18001pt too wide) has occurred while \output is active
[][][] [][]
 []


Overfull \hbox (1.18001pt too wide) has occurred while \output is active
[][][] [][]
 []

File: AAUgraphics/aau_logo_new_circle.pdf Graphic file (type pdf)
<use AAUgraphics/aau_logo_new_circle.pdf>
[20

]
File: Figuras/SD-OCT.png Graphic file (type bmp)
<Figuras/SD-OCT.png>
File: Figuras/FF-SSOCT_1.png Graphic file (type bmp)
<Figuras/FF-SSOCT_1.png>

Overfull \hbox (10.25658pt too wide) in paragraph at lines 347--347
[][] 
 []

File: Figuras/FF-SSOCT_2.png Graphic file (type bmp)
<Figuras/FF-SSOCT_2.png>

Overfull \hbox (10.25658pt too wide) in paragraph at lines 347--347
[][] 
 []


Overfull \hbox (1.18001pt too wide) has occurred while \output is active
[][][] [][]
 []


Overfull \hbox (1.18001pt too wide) has occurred while \output is active
[][][] [][]
 []


Overfull \hbox (1.18001pt too wide) has occurred while \output is active
[][][] [][]
 []

File: AAUgraphics/aau_logo_new_circle.pdf Graphic file (type pdf)
<use AAUgraphics/aau_logo_new_circle.pdf>
[21

]
File: Figuras/SD-OCT.png Graphic file (type bmp)
<Figuras/SD-OCT.png>
File: Figuras/FF-SSOCT_1.png Graphic file (type bmp)
<Figuras/FF-SSOCT_1.png>

Overfull \hbox (10.25658pt too wide) in paragraph at lines 347--347
[][] 
 []

File: Figuras/FF-SSOCT_2.png Graphic file (type bmp)
<Figuras/FF-SSOCT_2.png>

Overfull \hbox (10.25658pt too wide) in paragraph at lines 347--347
[][] 
 []


Overfull \hbox (1.18001pt too wide) has occurred while \output is active
[][][] [][]
 []


Overfull \hbox (1.18001pt too wide) has occurred while \output is active
[][][] [][]
 []


Overfull \hbox (1.18001pt too wide) has occurred while \output is active
[][][] [][]
 []

File: AAUgraphics/aau_logo_new_circle.pdf Graphic file (type pdf)
<use AAUgraphics/aau_logo_new_circle.pdf>
[22

]
File: Figuras/SSOCT_Jitter_1.pdf Graphic file (type pdf)
<use Figuras/SSOCT_Jitter_1.pdf>
File: Figuras/SSOCT_Jitter_2.pdf Graphic file (type pdf)
<use Figuras/SSOCT_Jitter_2.pdf>
File: Figuras/SSOCT_Jitter_3.pdf Graphic file (type pdf)
<use Figuras/SSOCT_Jitter_3.pdf>
File: Figuras/SSOCT_Jitter_4.pdf Graphic file (type pdf)
<use Figuras/SSOCT_Jitter_4.pdf>
File: Figuras/SSOCT_Jitter_5.pdf Graphic file (type pdf)
<use Figuras/SSOCT_Jitter_5.pdf>
File: Figuras/SSOCT_Jitter_6.pdf Graphic file (type pdf)
<use Figuras/SSOCT_Jitter_6.pdf>
File: Figuras/SSOCT_Jitter_7.pdf Graphic file (type pdf)
<use Figuras/SSOCT_Jitter_7.pdf>

Overfull \hbox (1.18001pt too wide) has occurred while \output is active
[][][] [][]
 []


Overfull \hbox (1.18001pt too wide) has occurred while \output is active
[][][] [][]
 []


Overfull \hbox (1.18001pt too wide) has occurred while \output is active
[][][] [][]
 []

File: AAUgraphics/aau_logo_new_circle.pdf Graphic file (type pdf)
<use AAUgraphics/aau_logo_new_circle.pdf>
[23

]
File: Figuras/SSOCT_Jitter_1.pdf Graphic file (type pdf)
<use Figuras/SSOCT_Jitter_1.pdf>
File: Figuras/SSOCT_Jitter_2.pdf Graphic file (type pdf)
<use Figuras/SSOCT_Jitter_2.pdf>
File: Figuras/SSOCT_Jitter_3.pdf Graphic file (type pdf)
<use Figuras/SSOCT_Jitter_3.pdf>
File: Figuras/SSOCT_Jitter_4.pdf Graphic file (type pdf)
<use Figuras/SSOCT_Jitter_4.pdf>
File: Figuras/SSOCT_Jitter_5.pdf Graphic file (type pdf)
<use Figuras/SSOCT_Jitter_5.pdf>
File: Figuras/SSOCT_Jitter_6.pdf Graphic file (type pdf)
<use Figuras/SSOCT_Jitter_6.pdf>
File: Figuras/SSOCT_Jitter_7.pdf Graphic file (type pdf)
<use Figuras/SSOCT_Jitter_7.pdf>

Overfull \hbox (1.18001pt too wide) has occurred while \output is active
[][][] [][]
 []


Overfull \hbox (1.18001pt too wide) has occurred while \output is active
[][][] [][]
 []


Overfull \hbox (1.18001pt too wide) has occurred while \output is active
[][][] [][]
 []

File: AAUgraphics/aau_logo_new_circle.pdf Graphic file (type pdf)
<use AAUgraphics/aau_logo_new_circle.pdf>
[24

]
File: Figuras/SSOCT_Jitter_1.pdf Graphic file (type pdf)
<use Figuras/SSOCT_Jitter_1.pdf>
File: Figuras/SSOCT_Jitter_2.pdf Graphic file (type pdf)
<use Figuras/SSOCT_Jitter_2.pdf>
File: Figuras/SSOCT_Jitter_3.pdf Graphic file (type pdf)
<use Figuras/SSOCT_Jitter_3.pdf>
File: Figuras/SSOCT_Jitter_4.pdf Graphic file (type pdf)
<use Figuras/SSOCT_Jitter_4.pdf>
File: Figuras/SSOCT_Jitter_5.pdf Graphic file (type pdf)
<use Figuras/SSOCT_Jitter_5.pdf>
File: Figuras/SSOCT_Jitter_6.pdf Graphic file (type pdf)
<use Figuras/SSOCT_Jitter_6.pdf>
File: Figuras/SSOCT_Jitter_7.pdf Graphic file (type pdf)
<use Figuras/SSOCT_Jitter_7.pdf>

Overfull \hbox (1.18001pt too wide) has occurred while \output is active
[][][] [][]
 []


Overfull \hbox (1.18001pt too wide) has occurred while \output is active
[][][] [][]
 []


Overfull \hbox (1.18001pt too wide) has occurred while \output is active
[][][] [][]
 []

File: AAUgraphics/aau_logo_new_circle.pdf Graphic file (type pdf)
<use AAUgraphics/aau_logo_new_circle.pdf>
[25

]
File: Figuras/SSOCT_Jitter_1.pdf Graphic file (type pdf)
<use Figuras/SSOCT_Jitter_1.pdf>
File: Figuras/SSOCT_Jitter_2.pdf Graphic file (type pdf)
<use Figuras/SSOCT_Jitter_2.pdf>
File: Figuras/SSOCT_Jitter_3.pdf Graphic file (type pdf)
<use Figuras/SSOCT_Jitter_3.pdf>
File: Figuras/SSOCT_Jitter_4.pdf Graphic file (type pdf)
<use Figuras/SSOCT_Jitter_4.pdf>
File: Figuras/SSOCT_Jitter_5.pdf Graphic file (type pdf)
<use Figuras/SSOCT_Jitter_5.pdf>
File: Figuras/SSOCT_Jitter_6.pdf Graphic file (type pdf)
<use Figuras/SSOCT_Jitter_6.pdf>
File: Figuras/SSOCT_Jitter_7.pdf Graphic file (type pdf)
<use Figuras/SSOCT_Jitter_7.pdf>

Overfull \hbox (1.18001pt too wide) has occurred while \output is active
[][][] [][]
 []


Overfull \hbox (1.18001pt too wide) has occurred while \output is active
[][][] [][]
 []


Overfull \hbox (1.18001pt too wide) has occurred while \output is active
[][][] [][]
 []

File: AAUgraphics/aau_logo_new_circle.pdf Graphic file (type pdf)
<use AAUgraphics/aau_logo_new_circle.pdf>
[26

]
File: Figuras/SSOCT_Jitter_1.pdf Graphic file (type pdf)
<use Figuras/SSOCT_Jitter_1.pdf>
File: Figuras/SSOCT_Jitter_2.pdf Graphic file (type pdf)
<use Figuras/SSOCT_Jitter_2.pdf>
File: Figuras/SSOCT_Jitter_3.pdf Graphic file (type pdf)
<use Figuras/SSOCT_Jitter_3.pdf>
File: Figuras/SSOCT_Jitter_4.pdf Graphic file (type pdf)
<use Figuras/SSOCT_Jitter_4.pdf>
File: Figuras/SSOCT_Jitter_5.pdf Graphic file (type pdf)
<use Figuras/SSOCT_Jitter_5.pdf>
File: Figuras/SSOCT_Jitter_6.pdf Graphic file (type pdf)
<use Figuras/SSOCT_Jitter_6.pdf>
File: Figuras/SSOCT_Jitter_7.pdf Graphic file (type pdf)
<use Figuras/SSOCT_Jitter_7.pdf>

Overfull \hbox (1.18001pt too wide) has occurred while \output is active
[][][] [][]
 []


Overfull \hbox (1.18001pt too wide) has occurred while \output is active
[][][] [][]
 []


Overfull \hbox (1.18001pt too wide) has occurred while \output is active
[][][] [][]
 []

File: AAUgraphics/aau_logo_new_circle.pdf Graphic file (type pdf)
<use AAUgraphics/aau_logo_new_circle.pdf>
[27

]
File: Figuras/SSOCT_Jitter_1.pdf Graphic file (type pdf)
<use Figuras/SSOCT_Jitter_1.pdf>
File: Figuras/SSOCT_Jitter_2.pdf Graphic file (type pdf)
<use Figuras/SSOCT_Jitter_2.pdf>
File: Figuras/SSOCT_Jitter_3.pdf Graphic file (type pdf)
<use Figuras/SSOCT_Jitter_3.pdf>
File: Figuras/SSOCT_Jitter_4.pdf Graphic file (type pdf)
<use Figuras/SSOCT_Jitter_4.pdf>
File: Figuras/SSOCT_Jitter_5.pdf Graphic file (type pdf)
<use Figuras/SSOCT_Jitter_5.pdf>
File: Figuras/SSOCT_Jitter_6.pdf Graphic file (type pdf)
<use Figuras/SSOCT_Jitter_6.pdf>
File: Figuras/SSOCT_Jitter_7.pdf Graphic file (type pdf)
<use Figuras/SSOCT_Jitter_7.pdf>

Overfull \hbox (1.18001pt too wide) has occurred while \output is active
[][][] [][]
 []


Overfull \hbox (1.18001pt too wide) has occurred while \output is active
[][][] [][]
 []


Overfull \hbox (1.18001pt too wide) has occurred while \output is active
[][][] [][]
 []

File: AAUgraphics/aau_logo_new_circle.pdf Graphic file (type pdf)
<use AAUgraphics/aau_logo_new_circle.pdf>
[28

]
File: Figuras/SSOCT_Jitter_1.pdf Graphic file (type pdf)
<use Figuras/SSOCT_Jitter_1.pdf>
File: Figuras/SSOCT_Jitter_2.pdf Graphic file (type pdf)
<use Figuras/SSOCT_Jitter_2.pdf>
File: Figuras/SSOCT_Jitter_3.pdf Graphic file (type pdf)
<use Figuras/SSOCT_Jitter_3.pdf>
File: Figuras/SSOCT_Jitter_4.pdf Graphic file (type pdf)
<use Figuras/SSOCT_Jitter_4.pdf>
File: Figuras/SSOCT_Jitter_5.pdf Graphic file (type pdf)
<use Figuras/SSOCT_Jitter_5.pdf>
File: Figuras/SSOCT_Jitter_6.pdf Graphic file (type pdf)
<use Figuras/SSOCT_Jitter_6.pdf>
File: Figuras/SSOCT_Jitter_7.pdf Graphic file (type pdf)
<use Figuras/SSOCT_Jitter_7.pdf>

Overfull \hbox (1.18001pt too wide) has occurred while \output is active
[][][] [][]
 []


Overfull \hbox (1.18001pt too wide) has occurred while \output is active
[][][] [][]
 []


Overfull \hbox (1.18001pt too wide) has occurred while \output is active
[][][] [][]
 []

File: AAUgraphics/aau_logo_new_circle.pdf Graphic file (type pdf)
<use AAUgraphics/aau_logo_new_circle.pdf>
[29

]
File: Figuras/SSOCT_Jitter_1.pdf Graphic file (type pdf)
<use Figuras/SSOCT_Jitter_1.pdf>
File: Figuras/SSOCT_Jitter_2.pdf Graphic file (type pdf)
<use Figuras/SSOCT_Jitter_2.pdf>
File: Figuras/SSOCT_Jitter_3.pdf Graphic file (type pdf)
<use Figuras/SSOCT_Jitter_3.pdf>
File: Figuras/SSOCT_Jitter_4.pdf Graphic file (type pdf)
<use Figuras/SSOCT_Jitter_4.pdf>
File: Figuras/SSOCT_Jitter_5.pdf Graphic file (type pdf)
<use Figuras/SSOCT_Jitter_5.pdf>
File: Figuras/SSOCT_Jitter_6.pdf Graphic file (type pdf)
<use Figuras/SSOCT_Jitter_6.pdf>
File: Figuras/SSOCT_Jitter_7.pdf Graphic file (type pdf)
<use Figuras/SSOCT_Jitter_7.pdf>

Overfull \hbox (1.18001pt too wide) has occurred while \output is active
[][][] [][]
 []


Overfull \hbox (1.18001pt too wide) has occurred while \output is active
[][][] [][]
 []


Overfull \hbox (1.18001pt too wide) has occurred while \output is active
[][][] [][]
 []

File: AAUgraphics/aau_logo_new_circle.pdf Graphic file (type pdf)
<use AAUgraphics/aau_logo_new_circle.pdf>
[30

]
File: Figuras/Phase_example_1.pdf Graphic file (type pdf)
<use Figuras/Phase_example_1.pdf>
File: Figuras/Phase_example_2.pdf Graphic file (type pdf)
<use Figuras/Phase_example_2.pdf>
File: Figuras/Phase_example_3.pdf Graphic file (type pdf)
<use Figuras/Phase_example_3.pdf>

Overfull \hbox (1.18001pt too wide) has occurred while \output is active
[][][] [][]
 []


Overfull \hbox (1.18001pt too wide) has occurred while \output is active
[][][] [][]
 []


Overfull \hbox (1.18001pt too wide) has occurred while \output is active
[][][] [][]
 []

File: AAUgraphics/aau_logo_new_circle.pdf Graphic file (type pdf)
<use AAUgraphics/aau_logo_new_circle.pdf>
[31

]
File: Figuras/Phase_example_1.pdf Graphic file (type pdf)
<use Figuras/Phase_example_1.pdf>
File: Figuras/Phase_example_2.pdf Graphic file (type pdf)
<use Figuras/Phase_example_2.pdf>
File: Figuras/Phase_example_3.pdf Graphic file (type pdf)
<use Figuras/Phase_example_3.pdf>

Overfull \hbox (1.18001pt too wide) has occurred while \output is active
[][][] [][]
 []


Overfull \hbox (1.18001pt too wide) has occurred while \output is active
[][][] [][]
 []


Overfull \hbox (1.18001pt too wide) has occurred while \output is active
[][][] [][]
 []

File: AAUgraphics/aau_logo_new_circle.pdf Graphic file (type pdf)
<use AAUgraphics/aau_logo_new_circle.pdf>
[32

]
File: Figuras/Phase_example_1.pdf Graphic file (type pdf)
<use Figuras/Phase_example_1.pdf>
File: Figuras/Phase_example_2.pdf Graphic file (type pdf)
<use Figuras/Phase_example_2.pdf>
File: Figuras/Phase_example_3.pdf Graphic file (type pdf)
<use Figuras/Phase_example_3.pdf>

Overfull \hbox (1.18001pt too wide) has occurred while \output is active
[][][] [][]
 []


Overfull \hbox (1.18001pt too wide) has occurred while \output is active
[][][] [][]
 []


Overfull \hbox (1.18001pt too wide) has occurred while \output is active
[][][] [][]
 []

File: AAUgraphics/aau_logo_new_circle.pdf Graphic file (type pdf)
<use AAUgraphics/aau_logo_new_circle.pdf>
[33

]
File: AAUgraphics/logo_eafit_vig_minedu.pdf Graphic file (type pdf)
<use AAUgraphics/logo_eafit_vig_minedu.pdf>

Overfull \hbox (56.9055pt too wide) in paragraph at lines 2225--2225
[]$[]$ 
 []

File: AAUgraphics/aau_waves.jpg Graphic file (type bmp)
<AAUgraphics/aau_waves.jpg>
[34

]
\tf@nav=\write8
\openout8 = `Presentacion_trabajo_de_grado.nav'.

\tf@toc=\write9
\openout9 = `Presentacion_trabajo_de_grado.toc'.

\tf@snm=\write10
\openout10 = `Presentacion_trabajo_de_grado.snm'.

Package atveryend Info: Empty hook `BeforeClearDocument' on input line 2227.
Package atveryend Info: Empty hook `AfterLastShipout' on input line 2227.
 (Presentacion_trabajo_de_grado.aux
LaTeX Info: Redefining \. on input line 30.
LaTeX Info: Redefining \% on input line 30.
)
Package atveryend Info: Executing hook `AtVeryEndDocument' on input line 2227.
Package atveryend Info: Executing hook `AtEndAfterFileList' on input line 2227.

Package rerunfilecheck Info: File `Presentacion_trabajo_de_grado.out' has not c
hanged.
(rerunfilecheck)             Checksum: C45AAAB1D430089119C050107E4D9701;167.
 ) 
Here is how much of TeX's memory you used:
 45519 strings out of 427669
 923704 string characters out of 3149215
 1079601 words of memory out of 3000000
 48839 multiletter control sequences out of 15000+200000
 566790 words of font info for 106 fonts, out of 3000000 for 9000
 1348 hyphenation exceptions out of 8191
 60i,19n,87p,808b,2146s stack positions out of 5000i,500n,10000p,200000b,50000s

Output written on Presentacion_trabajo_de_grado.pdf (34 pages).
